[0.142s] DEBUG:colcon:Command line arguments: ['/usr/bin/colcon', 'build']
[0.143s] DEBUG:colcon:Parsed command line arguments: Namespace(log_base=None, log_level=None, verb_name='build', build_base='build', install_base='install', merge_install=False, symlink_install=False, test_result_base=None, continue_on_error=False, executor='parallel', parallel_workers=32, event_handlers=None, ignore_user_meta=False, metas=['./colcon.meta'], base_paths=['.'], packages_ignore=None, packages_ignore_regex=None, paths=None, packages_up_to=None, packages_up_to_regex=None, packages_above=None, packages_above_and_dependencies=None, packages_above_depth=None, packages_select_by_dep=None, packages_skip_by_dep=None, packages_skip_up_to=None, packages_select_build_failed=False, packages_skip_build_finished=False, packages_select_test_failures=False, packages_skip_test_passed=False, packages_select=None, packages_skip=None, packages_select_regex=None, packages_skip_regex=None, packages_start=None, packages_end=None, allow_overriding=[], cmake_args=None, cmake_target=None, cmake_target_skip_unavailable=False, cmake_clean_cache=False, cmake_clean_first=False, cmake_force_configure=False, ament_cmake_args=None, catkin_cmake_args=None, catkin_skip_building_tests=False, verb_parser=<colcon_defaults.argument_parser.defaults.DefaultArgumentsDecorator object at 0x7f91c087df90>, verb_extension=<colcon_core.verb.build.BuildVerb object at 0x7f91c07f1d50>, main=<bound method BuildVerb.main of <colcon_core.verb.build.BuildVerb object at 0x7f91c07f1d50>>)
[0.366s] Level 1:colcon.colcon_core.package_discovery:discover_packages(colcon_meta) check parameters
[0.367s] Level 1:colcon.colcon_core.package_discovery:discover_packages(recursive) check parameters
[0.367s] Level 1:colcon.colcon_core.package_discovery:discover_packages(ignore) check parameters
[0.367s] Level 1:colcon.colcon_core.package_discovery:discover_packages(path) check parameters
[0.367s] Level 1:colcon.colcon_core.package_discovery:discover_packages(colcon_meta) discover
[0.367s] Level 1:colcon.colcon_core.package_discovery:discover_packages(recursive) discover
[0.367s] INFO:colcon.colcon_core.package_discovery:Crawling recursively for packages in '/mnt/c/TEMP/CIT'
[0.368s] Level 1:colcon.colcon_core.package_identification:_identify(.) by extensions ['ignore', 'ignore_ament_install']
[0.369s] Level 1:colcon.colcon_core.package_identification:_identify(.) by extension 'ignore'
[0.369s] Level 1:colcon.colcon_core.package_identification:_identify(.) by extension 'ignore_ament_install'
[0.369s] Level 1:colcon.colcon_core.package_identification:_identify(.) by extensions ['colcon_pkg']
[0.369s] Level 1:colcon.colcon_core.package_identification:_identify(.) by extension 'colcon_pkg'
[0.369s] Level 1:colcon.colcon_core.package_identification:_identify(.) by extensions ['colcon_meta']
[0.370s] Level 1:colcon.colcon_core.package_identification:_identify(.) by extension 'colcon_meta'
[0.370s] Level 1:colcon.colcon_core.package_identification:_identify(.) by extensions ['ros']
[0.370s] Level 1:colcon.colcon_core.package_identification:_identify(.) by extension 'ros'
[0.378s] Level 1:colcon.colcon_core.package_identification:_identify(.) by extensions ['cmake', 'python']
[0.379s] Level 1:colcon.colcon_core.package_identification:_identify(.) by extension 'cmake'
[0.379s] Level 1:colcon.colcon_core.package_identification:_identify(.) by extension 'python'
[0.379s] Level 1:colcon.colcon_core.package_identification:_identify(.) by extensions ['python_setup_py']
[0.379s] Level 1:colcon.colcon_core.package_identification:_identify(.) by extension 'python_setup_py'
[0.381s] Level 1:colcon.colcon_core.package_identification:_identify(build) by extensions ['ignore', 'ignore_ament_install']
[0.381s] Level 1:colcon.colcon_core.package_identification:_identify(build) by extension 'ignore'
[0.381s] Level 1:colcon.colcon_core.package_identification:_identify(build) ignored
[0.383s] Level 1:colcon.colcon_core.package_identification:_identify(install) by extensions ['ignore', 'ignore_ament_install']
[0.383s] Level 1:colcon.colcon_core.package_identification:_identify(install) by extension 'ignore'
[0.384s] Level 1:colcon.colcon_core.package_identification:_identify(install) ignored
[0.386s] Level 1:colcon.colcon_core.package_identification:_identify(log) by extensions ['ignore', 'ignore_ament_install']
[0.386s] Level 1:colcon.colcon_core.package_identification:_identify(log) by extension 'ignore'
[0.387s] Level 1:colcon.colcon_core.package_identification:_identify(log) ignored
[0.388s] Level 1:colcon.colcon_core.package_identification:_identify(robotfield_description) by extensions ['ignore', 'ignore_ament_install']
[0.388s] Level 1:colcon.colcon_core.package_identification:_identify(robotfield_description) by extension 'ignore'
[0.389s] Level 1:colcon.colcon_core.package_identification:_identify(robotfield_description) by extension 'ignore_ament_install'
[0.389s] Level 1:colcon.colcon_core.package_identification:_identify(robotfield_description) by extensions ['colcon_pkg']
[0.389s] Level 1:colcon.colcon_core.package_identification:_identify(robotfield_description) by extension 'colcon_pkg'
[0.390s] Level 1:colcon.colcon_core.package_identification:_identify(robotfield_description) by extensions ['colcon_meta']
[0.390s] Level 1:colcon.colcon_core.package_identification:_identify(robotfield_description) by extension 'colcon_meta'
[0.390s] Level 1:colcon.colcon_core.package_identification:_identify(robotfield_description) by extensions ['ros']
[0.391s] Level 1:colcon.colcon_core.package_identification:_identify(robotfield_description) by extension 'ros'
[0.397s] DEBUG:colcon.colcon_core.package_identification:Package 'robotfield_description' with type 'ros.ament_cmake' and name 'robotfield_description'
[0.398s] Level 1:colcon.colcon_core.package_identification:_identify(snake_robot_cit_description) by extensions ['ignore', 'ignore_ament_install']
[0.399s] Level 1:colcon.colcon_core.package_identification:_identify(snake_robot_cit_description) by extension 'ignore'
[0.399s] Level 1:colcon.colcon_core.package_identification:_identify(snake_robot_cit_description) by extension 'ignore_ament_install'
[0.400s] Level 1:colcon.colcon_core.package_identification:_identify(snake_robot_cit_description) by extensions ['colcon_pkg']
[0.400s] Level 1:colcon.colcon_core.package_identification:_identify(snake_robot_cit_description) by extension 'colcon_pkg'
[0.401s] Level 1:colcon.colcon_core.package_identification:_identify(snake_robot_cit_description) by extensions ['colcon_meta']
[0.401s] Level 1:colcon.colcon_core.package_identification:_identify(snake_robot_cit_description) by extension 'colcon_meta'
[0.401s] Level 1:colcon.colcon_core.package_identification:_identify(snake_robot_cit_description) by extensions ['ros']
[0.401s] Level 1:colcon.colcon_core.package_identification:_identify(snake_robot_cit_description) by extension 'ros'
[0.406s] DEBUG:colcon.colcon_core.package_identification:Package 'snake_robot_cit_description' with type 'ros.ament_cmake' and name 'snake_robot_cit_description'
[0.406s] Level 1:colcon.colcon_core.package_discovery:discover_packages(recursive) using defaults
[0.406s] Level 1:colcon.colcon_core.package_discovery:discover_packages(ignore) discover
[0.406s] Level 1:colcon.colcon_core.package_discovery:discover_packages(ignore) using defaults
[0.406s] Level 1:colcon.colcon_core.package_discovery:discover_packages(path) discover
[0.406s] Level 1:colcon.colcon_core.package_discovery:discover_packages(path) using defaults
[0.420s] Level 1:colcon.colcon_core.package_discovery:discover_packages(prefix_path) check parameters
[0.420s] Level 1:colcon.colcon_core.package_discovery:discover_packages(prefix_path) discover
[0.424s] DEBUG:colcon.colcon_installed_package_information.package_discovery:Found 1171 installed packages in /opt/ros/iron
[0.428s] Level 1:colcon.colcon_core.package_discovery:discover_packages(prefix_path) using defaults
[0.509s] Level 5:colcon.colcon_core.verb:set package 'robotfield_description' build argument 'cmake_args' from command line to 'None'
[0.509s] Level 5:colcon.colcon_core.verb:set package 'robotfield_description' build argument 'cmake_target' from command line to 'None'
[0.509s] Level 5:colcon.colcon_core.verb:set package 'robotfield_description' build argument 'cmake_target_skip_unavailable' from command line to 'False'
[0.510s] Level 5:colcon.colcon_core.verb:set package 'robotfield_description' build argument 'cmake_clean_cache' from command line to 'False'
[0.510s] Level 5:colcon.colcon_core.verb:set package 'robotfield_description' build argument 'cmake_clean_first' from command line to 'False'
[0.510s] Level 5:colcon.colcon_core.verb:set package 'robotfield_description' build argument 'cmake_force_configure' from command line to 'False'
[0.510s] Level 5:colcon.colcon_core.verb:set package 'robotfield_description' build argument 'ament_cmake_args' from command line to 'None'
[0.510s] Level 5:colcon.colcon_core.verb:set package 'robotfield_description' build argument 'catkin_cmake_args' from command line to 'None'
[0.510s] Level 5:colcon.colcon_core.verb:set package 'robotfield_description' build argument 'catkin_skip_building_tests' from command line to 'False'
[0.510s] DEBUG:colcon.colcon_core.verb:Building package 'robotfield_description' with the following arguments: {'ament_cmake_args': None, 'build_base': '/mnt/c/TEMP/CIT/build/robotfield_description', 'catkin_cmake_args': None, 'catkin_skip_building_tests': False, 'cmake_args': None, 'cmake_clean_cache': False, 'cmake_clean_first': False, 'cmake_force_configure': False, 'cmake_target': None, 'cmake_target_skip_unavailable': False, 'install_base': '/mnt/c/TEMP/CIT/install/robotfield_description', 'merge_install': False, 'path': '/mnt/c/TEMP/CIT/robotfield_description', 'symlink_install': False, 'test_result_base': None}
[0.511s] Level 5:colcon.colcon_core.verb:set package 'snake_robot_cit_description' build argument 'cmake_args' from command line to 'None'
[0.511s] Level 5:colcon.colcon_core.verb:set package 'snake_robot_cit_description' build argument 'cmake_target' from command line to 'None'
[0.511s] Level 5:colcon.colcon_core.verb:set package 'snake_robot_cit_description' build argument 'cmake_target_skip_unavailable' from command line to 'False'
[0.511s] Level 5:colcon.colcon_core.verb:set package 'snake_robot_cit_description' build argument 'cmake_clean_cache' from command line to 'False'
[0.511s] Level 5:colcon.colcon_core.verb:set package 'snake_robot_cit_description' build argument 'cmake_clean_first' from command line to 'False'
[0.511s] Level 5:colcon.colcon_core.verb:set package 'snake_robot_cit_description' build argument 'cmake_force_configure' from command line to 'False'
[0.511s] Level 5:colcon.colcon_core.verb:set package 'snake_robot_cit_description' build argument 'ament_cmake_args' from command line to 'None'
[0.511s] Level 5:colcon.colcon_core.verb:set package 'snake_robot_cit_description' build argument 'catkin_cmake_args' from command line to 'None'
[0.512s] Level 5:colcon.colcon_core.verb:set package 'snake_robot_cit_description' build argument 'catkin_skip_building_tests' from command line to 'False'
[0.512s] DEBUG:colcon.colcon_core.verb:Building package 'snake_robot_cit_description' with the following arguments: {'ament_cmake_args': None, 'build_base': '/mnt/c/TEMP/CIT/build/snake_robot_cit_description', 'catkin_cmake_args': None, 'catkin_skip_building_tests': False, 'cmake_args': None, 'cmake_clean_cache': False, 'cmake_clean_first': False, 'cmake_force_configure': False, 'cmake_target': None, 'cmake_target_skip_unavailable': False, 'install_base': '/mnt/c/TEMP/CIT/install/snake_robot_cit_description', 'merge_install': False, 'path': '/mnt/c/TEMP/CIT/snake_robot_cit_description', 'symlink_install': False, 'test_result_base': None}
[0.512s] INFO:colcon.colcon_core.executor:Executing jobs using 'parallel' executor
[0.513s] DEBUG:colcon.colcon_parallel_executor.executor.parallel:run_until_complete
[0.513s] INFO:colcon.colcon_ros.task.ament_cmake.build:Building ROS package in '/mnt/c/TEMP/CIT/robotfield_description' with build type 'ament_cmake'
[0.513s] INFO:colcon.colcon_cmake.task.cmake.build:Building CMake package in '/mnt/c/TEMP/CIT/robotfield_description'
[0.515s] INFO:colcon.colcon_core.plugin_system:Skipping extension 'colcon_core.shell.bat': Not used on non-Windows systems
[0.516s] INFO:colcon.colcon_core.shell:Skip shell extension 'powershell' for command environment: Not usable outside of PowerShell
[0.516s] DEBUG:colcon.colcon_core.shell:Skip shell extension 'dsv' for command environment
[0.524s] INFO:colcon.colcon_ros.task.ament_cmake.build:Building ROS package in '/mnt/c/TEMP/CIT/snake_robot_cit_description' with build type 'ament_cmake'
[0.524s] INFO:colcon.colcon_cmake.task.cmake.build:Building CMake package in '/mnt/c/TEMP/CIT/snake_robot_cit_description'
[0.525s] INFO:colcon.colcon_core.shell:Skip shell extension 'powershell' for command environment: Not usable outside of PowerShell
[0.525s] DEBUG:colcon.colcon_core.shell:Skip shell extension 'dsv' for command environment
[0.552s] DEBUG:colcon.colcon_core.event_handler.log_command:Invoking command in '/mnt/c/TEMP/CIT/build/robotfield_description': CMAKE_PREFIX_PATH=/opt/ros/iron /usr/bin/cmake /mnt/c/TEMP/CIT/robotfield_description -DCMAKE_INSTALL_PREFIX=/mnt/c/TEMP/CIT/install/robotfield_description
[0.569s] DEBUG:colcon.colcon_core.event_handler.log_command:Invoking command in '/mnt/c/TEMP/CIT/build/snake_robot_cit_description': CMAKE_PREFIX_PATH=/opt/ros/iron /usr/bin/cmake --build /mnt/c/TEMP/CIT/build/snake_robot_cit_description -- -j32 -l32
[0.625s] DEBUG:colcon.colcon_core.event_handler.log_command:Invoked command in '/mnt/c/TEMP/CIT/build/snake_robot_cit_description' returned '0': CMAKE_PREFIX_PATH=/opt/ros/iron /usr/bin/cmake --build /mnt/c/TEMP/CIT/build/snake_robot_cit_description -- -j32 -l32
[0.656s] DEBUG:colcon.colcon_core.event_handler.log_command:Invoking command in '/mnt/c/TEMP/CIT/build/snake_robot_cit_description': CMAKE_PREFIX_PATH=/opt/ros/iron /usr/bin/cmake --install /mnt/c/TEMP/CIT/build/snake_robot_cit_description
[1.281s] Level 1:colcon.colcon_core.environment:create_environment_scripts_only(snake_robot_cit_description)
[1.282s] DEBUG:colcon.colcon_core.event_handler.log_command:Invoked command in '/mnt/c/TEMP/CIT/build/snake_robot_cit_description' returned '0': CMAKE_PREFIX_PATH=/opt/ros/iron /usr/bin/cmake --install /mnt/c/TEMP/CIT/build/snake_robot_cit_description
[1.283s] Level 1:colcon.colcon_core.environment:checking '/mnt/c/TEMP/CIT/install/snake_robot_cit_description' for CMake module files
[1.344s] Level 1:colcon.colcon_core.environment:checking '/mnt/c/TEMP/CIT/install/snake_robot_cit_description' for CMake config files
[1.385s] Level 1:colcon.colcon_core.shell:create_environment_hook('snake_robot_cit_description', 'cmake_prefix_path')
[1.385s] INFO:colcon.colcon_core.shell:Creating environment hook '/mnt/c/TEMP/CIT/install/snake_robot_cit_description/share/snake_robot_cit_description/hook/cmake_prefix_path.ps1'
[1.395s] INFO:colcon.colcon_core.shell:Creating environment descriptor '/mnt/c/TEMP/CIT/install/snake_robot_cit_description/share/snake_robot_cit_description/hook/cmake_prefix_path.dsv'
[1.406s] INFO:colcon.colcon_core.shell:Creating environment hook '/mnt/c/TEMP/CIT/install/snake_robot_cit_description/share/snake_robot_cit_description/hook/cmake_prefix_path.sh'
[1.418s] Level 1:colcon.colcon_core.environment:checking '/mnt/c/TEMP/CIT/install/snake_robot_cit_description/bin'
[1.419s] Level 1:colcon.colcon_core.environment:checking '/mnt/c/TEMP/CIT/install/snake_robot_cit_description/lib/pkgconfig/snake_robot_cit_description.pc'
[1.420s] Level 1:colcon.colcon_core.environment:checking '/mnt/c/TEMP/CIT/install/snake_robot_cit_description/lib/python3.10/site-packages'
[1.421s] Level 1:colcon.colcon_core.environment:checking '/mnt/c/TEMP/CIT/install/snake_robot_cit_description/bin'
[1.422s] INFO:colcon.colcon_core.shell:Creating package script '/mnt/c/TEMP/CIT/install/snake_robot_cit_description/share/snake_robot_cit_description/package.ps1'
[1.431s] INFO:colcon.colcon_core.shell:Creating package descriptor '/mnt/c/TEMP/CIT/install/snake_robot_cit_description/share/snake_robot_cit_description/package.dsv'
[1.440s] INFO:colcon.colcon_core.shell:Creating package script '/mnt/c/TEMP/CIT/install/snake_robot_cit_description/share/snake_robot_cit_description/package.sh'
[1.447s] INFO:colcon.colcon_core.shell:Creating package script '/mnt/c/TEMP/CIT/install/snake_robot_cit_description/share/snake_robot_cit_description/package.bash'
[1.456s] INFO:colcon.colcon_core.shell:Creating package script '/mnt/c/TEMP/CIT/install/snake_robot_cit_description/share/snake_robot_cit_description/package.zsh'
[1.464s] Level 1:colcon.colcon_core.environment:create_file_with_runtime_dependencies(/mnt/c/TEMP/CIT/install/snake_robot_cit_description/share/colcon-core/packages/snake_robot_cit_description)
[1.475s] DEBUG:colcon.colcon_core.event_handler.log_command:Invoked command in '/mnt/c/TEMP/CIT/build/robotfield_description' returned '0': CMAKE_PREFIX_PATH=/opt/ros/iron /usr/bin/cmake /mnt/c/TEMP/CIT/robotfield_description -DCMAKE_INSTALL_PREFIX=/mnt/c/TEMP/CIT/install/robotfield_description
[1.481s] DEBUG:colcon.colcon_core.event_handler.log_command:Invoking command in '/mnt/c/TEMP/CIT/build/robotfield_description': CMAKE_PREFIX_PATH=/opt/ros/iron /usr/bin/cmake --build /mnt/c/TEMP/CIT/build/robotfield_description -- -j32 -l32
[1.493s] Level 1:colcon.colcon_core.environment:create_environment_scripts_only(snake_robot_cit_description)
[1.493s] Level 1:colcon.colcon_core.environment:checking '/mnt/c/TEMP/CIT/install/snake_robot_cit_description' for CMake module files
[1.550s] Level 1:colcon.colcon_core.environment:checking '/mnt/c/TEMP/CIT/install/snake_robot_cit_description' for CMake config files
[1.586s] Level 1:colcon.colcon_core.shell:create_environment_hook('snake_robot_cit_description', 'cmake_prefix_path')
[1.586s] INFO:colcon.colcon_core.shell:Creating environment hook '/mnt/c/TEMP/CIT/install/snake_robot_cit_description/share/snake_robot_cit_description/hook/cmake_prefix_path.ps1'
[1.595s] INFO:colcon.colcon_core.shell:Creating environment descriptor '/mnt/c/TEMP/CIT/install/snake_robot_cit_description/share/snake_robot_cit_description/hook/cmake_prefix_path.dsv'
[1.604s] INFO:colcon.colcon_core.shell:Creating environment hook '/mnt/c/TEMP/CIT/install/snake_robot_cit_description/share/snake_robot_cit_description/hook/cmake_prefix_path.sh'
[1.615s] Level 1:colcon.colcon_core.environment:checking '/mnt/c/TEMP/CIT/install/snake_robot_cit_description/bin'
[1.616s] Level 1:colcon.colcon_core.environment:checking '/mnt/c/TEMP/CIT/install/snake_robot_cit_description/lib/pkgconfig/snake_robot_cit_description.pc'
[1.617s] Level 1:colcon.colcon_core.environment:checking '/mnt/c/TEMP/CIT/install/snake_robot_cit_description/lib/python3.10/site-packages'
[1.618s] Level 1:colcon.colcon_core.environment:checking '/mnt/c/TEMP/CIT/install/snake_robot_cit_description/bin'
[1.619s] INFO:colcon.colcon_core.shell:Creating package script '/mnt/c/TEMP/CIT/install/snake_robot_cit_description/share/snake_robot_cit_description/package.ps1'
[1.626s] INFO:colcon.colcon_core.shell:Creating package descriptor '/mnt/c/TEMP/CIT/install/snake_robot_cit_description/share/snake_robot_cit_description/package.dsv'
[1.634s] INFO:colcon.colcon_core.shell:Creating package script '/mnt/c/TEMP/CIT/install/snake_robot_cit_description/share/snake_robot_cit_description/package.sh'
[1.641s] INFO:colcon.colcon_core.shell:Creating package script '/mnt/c/TEMP/CIT/install/snake_robot_cit_description/share/snake_robot_cit_description/package.bash'
[1.648s] INFO:colcon.colcon_core.shell:Creating package script '/mnt/c/TEMP/CIT/install/snake_robot_cit_description/share/snake_robot_cit_description/package.zsh'
[1.656s] Level 1:colcon.colcon_core.environment:create_file_with_runtime_dependencies(/mnt/c/TEMP/CIT/install/snake_robot_cit_description/share/colcon-core/packages/snake_robot_cit_description)
[1.668s] DEBUG:colcon.colcon_core.event_handler.log_command:Invoked command in '/mnt/c/TEMP/CIT/build/robotfield_description' returned '0': CMAKE_PREFIX_PATH=/opt/ros/iron /usr/bin/cmake --build /mnt/c/TEMP/CIT/build/robotfield_description -- -j32 -l32
[1.689s] DEBUG:colcon.colcon_core.event_handler.log_command:Invoking command in '/mnt/c/TEMP/CIT/build/robotfield_description': CMAKE_PREFIX_PATH=/opt/ros/iron /usr/bin/cmake --install /mnt/c/TEMP/CIT/build/robotfield_description
[19.040s] Level 1:colcon.colcon_core.environment:create_environment_scripts_only(robotfield_description)
[19.041s] Level 1:colcon.colcon_core.environment:checking '/mnt/c/TEMP/CIT/install/robotfield_description' for CMake module files
[19.041s] DEBUG:colcon.colcon_core.event_handler.log_command:Invoked command in '/mnt/c/TEMP/CIT/build/robotfield_description' returned '0': CMAKE_PREFIX_PATH=/opt/ros/iron /usr/bin/cmake --install /mnt/c/TEMP/CIT/build/robotfield_description
[19.091s] Level 1:colcon.colcon_core.environment:checking '/mnt/c/TEMP/CIT/install/robotfield_description' for CMake config files
[19.127s] Level 1:colcon.colcon_core.shell:create_environment_hook('robotfield_description', 'cmake_prefix_path')
[19.127s] INFO:colcon.colcon_core.shell:Creating environment hook '/mnt/c/TEMP/CIT/install/robotfield_description/share/robotfield_description/hook/cmake_prefix_path.ps1'
[19.134s] INFO:colcon.colcon_core.shell:Creating environment descriptor '/mnt/c/TEMP/CIT/install/robotfield_description/share/robotfield_description/hook/cmake_prefix_path.dsv'
[19.142s] INFO:colcon.colcon_core.shell:Creating environment hook '/mnt/c/TEMP/CIT/install/robotfield_description/share/robotfield_description/hook/cmake_prefix_path.sh'
[19.154s] Level 1:colcon.colcon_core.environment:checking '/mnt/c/TEMP/CIT/install/robotfield_description/bin'
[19.156s] Level 1:colcon.colcon_core.environment:checking '/mnt/c/TEMP/CIT/install/robotfield_description/lib/pkgconfig/robotfield_description.pc'
[19.156s] Level 1:colcon.colcon_core.environment:checking '/mnt/c/TEMP/CIT/install/robotfield_description/lib/python3.10/site-packages'
[19.157s] Level 1:colcon.colcon_core.environment:checking '/mnt/c/TEMP/CIT/install/robotfield_description/bin'
[19.158s] INFO:colcon.colcon_core.shell:Creating package script '/mnt/c/TEMP/CIT/install/robotfield_description/share/robotfield_description/package.ps1'
[19.167s] INFO:colcon.colcon_core.shell:Creating package descriptor '/mnt/c/TEMP/CIT/install/robotfield_description/share/robotfield_description/package.dsv'
[19.176s] INFO:colcon.colcon_core.shell:Creating package script '/mnt/c/TEMP/CIT/install/robotfield_description/share/robotfield_description/package.sh'
[19.184s] INFO:colcon.colcon_core.shell:Creating package script '/mnt/c/TEMP/CIT/install/robotfield_description/share/robotfield_description/package.bash'
[19.192s] INFO:colcon.colcon_core.shell:Creating package script '/mnt/c/TEMP/CIT/install/robotfield_description/share/robotfield_description/package.zsh'
[19.199s] Level 1:colcon.colcon_core.environment:create_file_with_runtime_dependencies(/mnt/c/TEMP/CIT/install/robotfield_description/share/colcon-core/packages/robotfield_description)
[19.227s] Level 1:colcon.colcon_core.environment:create_environment_scripts_only(robotfield_description)
[19.227s] Level 1:colcon.colcon_core.environment:checking '/mnt/c/TEMP/CIT/install/robotfield_description' for CMake module files
[19.279s] Level 1:colcon.colcon_core.environment:checking '/mnt/c/TEMP/CIT/install/robotfield_description' for CMake config files
[19.313s] Level 1:colcon.colcon_core.shell:create_environment_hook('robotfield_description', 'cmake_prefix_path')
[19.314s] INFO:colcon.colcon_core.shell:Creating environment hook '/mnt/c/TEMP/CIT/install/robotfield_description/share/robotfield_description/hook/cmake_prefix_path.ps1'
[19.323s] INFO:colcon.colcon_core.shell:Creating environment descriptor '/mnt/c/TEMP/CIT/install/robotfield_description/share/robotfield_description/hook/cmake_prefix_path.dsv'
[19.331s] INFO:colcon.colcon_core.shell:Creating environment hook '/mnt/c/TEMP/CIT/install/robotfield_description/share/robotfield_description/hook/cmake_prefix_path.sh'
[19.342s] Level 1:colcon.colcon_core.environment:checking '/mnt/c/TEMP/CIT/install/robotfield_description/bin'
[19.343s] Level 1:colcon.colcon_core.environment:checking '/mnt/c/TEMP/CIT/install/robotfield_description/lib/pkgconfig/robotfield_description.pc'
[19.344s] Level 1:colcon.colcon_core.environment:checking '/mnt/c/TEMP/CIT/install/robotfield_description/lib/python3.10/site-packages'
[19.345s] Level 1:colcon.colcon_core.environment:checking '/mnt/c/TEMP/CIT/install/robotfield_description/bin'
[19.346s] INFO:colcon.colcon_core.shell:Creating package script '/mnt/c/TEMP/CIT/install/robotfield_description/share/robotfield_description/package.ps1'
[19.353s] INFO:colcon.colcon_core.shell:Creating package descriptor '/mnt/c/TEMP/CIT/install/robotfield_description/share/robotfield_description/package.dsv'
[19.361s] INFO:colcon.colcon_core.shell:Creating package script '/mnt/c/TEMP/CIT/install/robotfield_description/share/robotfield_description/package.sh'
[19.368s] INFO:colcon.colcon_core.shell:Creating package script '/mnt/c/TEMP/CIT/install/robotfield_description/share/robotfield_description/package.bash'
[19.375s] INFO:colcon.colcon_core.shell:Creating package script '/mnt/c/TEMP/CIT/install/robotfield_description/share/robotfield_description/package.zsh'
[19.382s] Level 1:colcon.colcon_core.environment:create_file_with_runtime_dependencies(/mnt/c/TEMP/CIT/install/robotfield_description/share/colcon-core/packages/robotfield_description)
[19.388s] DEBUG:colcon.colcon_parallel_executor.executor.parallel:closing loop
[19.388s] DEBUG:colcon.colcon_parallel_executor.executor.parallel:loop closed
[19.388s] DEBUG:colcon.colcon_parallel_executor.executor.parallel:run_until_complete finished with '0'
[19.389s] DEBUG:colcon.colcon_core.event_reactor:joining thread
[19.419s] INFO:colcon.colcon_core.plugin_system:Skipping extension 'colcon_notification.desktop_notification.notify_send': Could not find 'notify-send'
[19.420s] INFO:colcon.colcon_core.plugin_system:Skipping extension 'colcon_notification.desktop_notification.terminal_notifier': Not used on non-Darwin systems
[19.420s] INFO:colcon.colcon_core.plugin_system:Skipping extension 'colcon_notification.desktop_notification.win32': Not used on non-Windows systems
[19.420s] INFO:colcon.colcon_notification.desktop_notification:Sending desktop notification using 'notify2'
[19.420s] DEBUG:colcon.colcon_notification.desktop_notification.notify2:Failed to initialize notify2: org.freedesktop.DBus.Error.FileNotFound: Failed to connect to socket /run/user/1000/bus: No such file or directory
[19.420s] DEBUG:colcon.colcon_core.event_reactor:joined thread
[19.421s] INFO:colcon.colcon_core.shell:Creating prefix script '/mnt/c/TEMP/CIT/install/local_setup.ps1'
[19.424s] INFO:colcon.colcon_core.shell:Creating prefix util module '/mnt/c/TEMP/CIT/install/_local_setup_util_ps1.py'
[19.428s] INFO:colcon.colcon_core.shell:Creating prefix chain script '/mnt/c/TEMP/CIT/install/setup.ps1'
[19.431s] INFO:colcon.colcon_core.shell:Creating prefix script '/mnt/c/TEMP/CIT/install/local_setup.sh'
[19.435s] INFO:colcon.colcon_core.shell:Creating prefix util module '/mnt/c/TEMP/CIT/install/_local_setup_util_sh.py'
[19.438s] INFO:colcon.colcon_core.shell:Creating prefix chain script '/mnt/c/TEMP/CIT/install/setup.sh'
[19.442s] INFO:colcon.colcon_core.shell:Creating prefix script '/mnt/c/TEMP/CIT/install/local_setup.bash'
[19.445s] INFO:colcon.colcon_core.shell:Creating prefix chain script '/mnt/c/TEMP/CIT/install/setup.bash'
[19.449s] INFO:colcon.colcon_core.shell:Creating prefix script '/mnt/c/TEMP/CIT/install/local_setup.zsh'
[19.452s] INFO:colcon.colcon_core.shell:Creating prefix chain script '/mnt/c/TEMP/CIT/install/setup.zsh'
