[0.124s] DEBUG:colcon:Command line arguments: ['/usr/bin/colcon', 'build']
[0.124s] DEBUG:colcon:Parsed command line arguments: Namespace(log_base=None, log_level=None, verb_name='build', build_base='build', install_base='install', merge_install=False, symlink_install=False, test_result_base=None, continue_on_error=False, executor='parallel', parallel_workers=32, event_handlers=None, ignore_user_meta=False, metas=['./colcon.meta'], base_paths=['.'], packages_ignore=None, packages_ignore_regex=None, paths=None, packages_up_to=None, packages_up_to_regex=None, packages_above=None, packages_above_and_dependencies=None, packages_above_depth=None, packages_select_by_dep=None, packages_skip_by_dep=None, packages_skip_up_to=None, packages_select_build_failed=False, packages_skip_build_finished=False, packages_select_test_failures=False, packages_skip_test_passed=False, packages_select=None, packages_skip=None, packages_select_regex=None, packages_skip_regex=None, packages_start=None, packages_end=None, allow_overriding=[], cmake_args=None, cmake_target=None, cmake_target_skip_unavailable=False, cmake_clean_cache=False, cmake_clean_first=False, cmake_force_configure=False, ament_cmake_args=None, catkin_cmake_args=None, catkin_skip_building_tests=False, verb_parser=<colcon_defaults.argument_parser.defaults.DefaultArgumentsDecorator object at 0x7f4e31841f00>, verb_extension=<colcon_core.verb.build.BuildVerb object at 0x7f4e317b5cc0>, main=<bound method BuildVerb.main of <colcon_core.verb.build.BuildVerb object at 0x7f4e317b5cc0>>)
[0.307s] Level 1:colcon.colcon_core.package_discovery:discover_packages(colcon_meta) check parameters
[0.307s] Level 1:colcon.colcon_core.package_discovery:discover_packages(recursive) check parameters
[0.307s] Level 1:colcon.colcon_core.package_discovery:discover_packages(ignore) check parameters
[0.307s] Level 1:colcon.colcon_core.package_discovery:discover_packages(path) check parameters
[0.308s] Level 1:colcon.colcon_core.package_discovery:discover_packages(colcon_meta) discover
[0.308s] Level 1:colcon.colcon_core.package_discovery:discover_packages(recursive) discover
[0.308s] INFO:colcon.colcon_core.package_discovery:Crawling recursively for packages in '/mnt/c/TEMP/CIT'
[0.309s] Level 1:colcon.colcon_core.package_identification:_identify(.) by extensions ['ignore', 'ignore_ament_install']
[0.309s] Level 1:colcon.colcon_core.package_identification:_identify(.) by extension 'ignore'
[0.309s] Level 1:colcon.colcon_core.package_identification:_identify(.) by extension 'ignore_ament_install'
[0.310s] Level 1:colcon.colcon_core.package_identification:_identify(.) by extensions ['colcon_pkg']
[0.310s] Level 1:colcon.colcon_core.package_identification:_identify(.) by extension 'colcon_pkg'
[0.310s] Level 1:colcon.colcon_core.package_identification:_identify(.) by extensions ['colcon_meta']
[0.310s] Level 1:colcon.colcon_core.package_identification:_identify(.) by extension 'colcon_meta'
[0.310s] Level 1:colcon.colcon_core.package_identification:_identify(.) by extensions ['ros']
[0.310s] Level 1:colcon.colcon_core.package_identification:_identify(.) by extension 'ros'
[0.318s] Level 1:colcon.colcon_core.package_identification:_identify(.) by extensions ['cmake', 'python']
[0.318s] Level 1:colcon.colcon_core.package_identification:_identify(.) by extension 'cmake'
[0.318s] Level 1:colcon.colcon_core.package_identification:_identify(.) by extension 'python'
[0.318s] Level 1:colcon.colcon_core.package_identification:_identify(.) by extensions ['python_setup_py']
[0.318s] Level 1:colcon.colcon_core.package_identification:_identify(.) by extension 'python_setup_py'
[0.320s] Level 1:colcon.colcon_core.package_identification:_identify(build) by extensions ['ignore', 'ignore_ament_install']
[0.320s] Level 1:colcon.colcon_core.package_identification:_identify(build) by extension 'ignore'
[0.321s] Level 1:colcon.colcon_core.package_identification:_identify(build) ignored
[0.323s] Level 1:colcon.colcon_core.package_identification:_identify(install) by extensions ['ignore', 'ignore_ament_install']
[0.323s] Level 1:colcon.colcon_core.package_identification:_identify(install) by extension 'ignore'
[0.324s] Level 1:colcon.colcon_core.package_identification:_identify(install) ignored
[0.326s] Level 1:colcon.colcon_core.package_identification:_identify(log) by extensions ['ignore', 'ignore_ament_install']
[0.326s] Level 1:colcon.colcon_core.package_identification:_identify(log) by extension 'ignore'
[0.327s] Level 1:colcon.colcon_core.package_identification:_identify(log) ignored
[0.328s] Level 1:colcon.colcon_core.package_identification:_identify(snake_robot_cit_description) by extensions ['ignore', 'ignore_ament_install']
[0.329s] Level 1:colcon.colcon_core.package_identification:_identify(snake_robot_cit_description) by extension 'ignore'
[0.329s] Level 1:colcon.colcon_core.package_identification:_identify(snake_robot_cit_description) by extension 'ignore_ament_install'
[0.330s] Level 1:colcon.colcon_core.package_identification:_identify(snake_robot_cit_description) by extensions ['colcon_pkg']
[0.330s] Level 1:colcon.colcon_core.package_identification:_identify(snake_robot_cit_description) by extension 'colcon_pkg'
[0.331s] Level 1:colcon.colcon_core.package_identification:_identify(snake_robot_cit_description) by extensions ['colcon_meta']
[0.331s] Level 1:colcon.colcon_core.package_identification:_identify(snake_robot_cit_description) by extension 'colcon_meta'
[0.331s] Level 1:colcon.colcon_core.package_identification:_identify(snake_robot_cit_description) by extensions ['ros']
[0.332s] Level 1:colcon.colcon_core.package_identification:_identify(snake_robot_cit_description) by extension 'ros'
[0.343s] DEBUG:colcon.colcon_core.package_identification:Package 'snake_robot_cit_description' with type 'ros.ament_cmake' and name 'snake_robot_cit_description'
[0.343s] Level 1:colcon.colcon_core.package_discovery:discover_packages(recursive) using defaults
[0.343s] Level 1:colcon.colcon_core.package_discovery:discover_packages(ignore) discover
[0.343s] Level 1:colcon.colcon_core.package_discovery:discover_packages(ignore) using defaults
[0.343s] Level 1:colcon.colcon_core.package_discovery:discover_packages(path) discover
[0.343s] Level 1:colcon.colcon_core.package_discovery:discover_packages(path) using defaults
[0.357s] Level 1:colcon.colcon_core.package_discovery:discover_packages(prefix_path) check parameters
[0.357s] Level 1:colcon.colcon_core.package_discovery:discover_packages(prefix_path) discover
[0.395s] DEBUG:colcon.colcon_installed_package_information.package_discovery:Found 2 installed packages in /mnt/c/Users/blues/OneDrive/MechanicalDesign/snakerobot/install
[0.398s] DEBUG:colcon.colcon_installed_package_information.package_discovery:Found 1171 installed packages in /opt/ros/iron
[0.401s] Level 1:colcon.colcon_core.package_discovery:discover_packages(prefix_path) using defaults
[0.758s] Level 5:colcon.colcon_core.verb:set package 'snake_robot_cit_description' build argument 'cmake_args' from command line to 'None'
[0.758s] Level 5:colcon.colcon_core.verb:set package 'snake_robot_cit_description' build argument 'cmake_target' from command line to 'None'
[0.758s] Level 5:colcon.colcon_core.verb:set package 'snake_robot_cit_description' build argument 'cmake_target_skip_unavailable' from command line to 'False'
[0.759s] Level 5:colcon.colcon_core.verb:set package 'snake_robot_cit_description' build argument 'cmake_clean_cache' from command line to 'False'
[0.759s] Level 5:colcon.colcon_core.verb:set package 'snake_robot_cit_description' build argument 'cmake_clean_first' from command line to 'False'
[0.759s] Level 5:colcon.colcon_core.verb:set package 'snake_robot_cit_description' build argument 'cmake_force_configure' from command line to 'False'
[0.759s] Level 5:colcon.colcon_core.verb:set package 'snake_robot_cit_description' build argument 'ament_cmake_args' from command line to 'None'
[0.759s] Level 5:colcon.colcon_core.verb:set package 'snake_robot_cit_description' build argument 'catkin_cmake_args' from command line to 'None'
[0.759s] Level 5:colcon.colcon_core.verb:set package 'snake_robot_cit_description' build argument 'catkin_skip_building_tests' from command line to 'False'
[0.759s] DEBUG:colcon.colcon_core.verb:Building package 'snake_robot_cit_description' with the following arguments: {'ament_cmake_args': None, 'build_base': '/mnt/c/TEMP/CIT/build/snake_robot_cit_description', 'catkin_cmake_args': None, 'catkin_skip_building_tests': False, 'cmake_args': None, 'cmake_clean_cache': False, 'cmake_clean_first': False, 'cmake_force_configure': False, 'cmake_target': None, 'cmake_target_skip_unavailable': False, 'install_base': '/mnt/c/TEMP/CIT/install/snake_robot_cit_description', 'merge_install': False, 'path': '/mnt/c/TEMP/CIT/snake_robot_cit_description', 'symlink_install': False, 'test_result_base': None}
[0.760s] INFO:colcon.colcon_core.executor:Executing jobs using 'parallel' executor
[0.760s] DEBUG:colcon.colcon_parallel_executor.executor.parallel:run_until_complete
[0.761s] INFO:colcon.colcon_ros.task.ament_cmake.build:Building ROS package in '/mnt/c/TEMP/CIT/snake_robot_cit_description' with build type 'ament_cmake'
[0.761s] INFO:colcon.colcon_cmake.task.cmake.build:Building CMake package in '/mnt/c/TEMP/CIT/snake_robot_cit_description'
[0.763s] INFO:colcon.colcon_core.plugin_system:Skipping extension 'colcon_core.shell.bat': Not used on non-Windows systems
[0.763s] INFO:colcon.colcon_core.shell:Skip shell extension 'powershell' for command environment: Not usable outside of PowerShell
[0.763s] DEBUG:colcon.colcon_core.shell:Skip shell extension 'dsv' for command environment
[0.823s] DEBUG:colcon.colcon_core.event_handler.log_command:Invoking command in '/mnt/c/TEMP/CIT/build/snake_robot_cit_description': CMAKE_PREFIX_PATH=${CMAKE_PREFIX_PATH}:/opt/ros/iron /usr/bin/cmake /mnt/c/TEMP/CIT/snake_robot_cit_description -DCMAKE_INSTALL_PREFIX=/mnt/c/TEMP/CIT/install/snake_robot_cit_description
[4.817s] DEBUG:colcon.colcon_core.event_handler.log_command:Invoked command in '/mnt/c/TEMP/CIT/build/snake_robot_cit_description' returned '0': CMAKE_PREFIX_PATH=${CMAKE_PREFIX_PATH}:/opt/ros/iron /usr/bin/cmake /mnt/c/TEMP/CIT/snake_robot_cit_description -DCMAKE_INSTALL_PREFIX=/mnt/c/TEMP/CIT/install/snake_robot_cit_description
[4.824s] DEBUG:colcon.colcon_core.event_handler.log_command:Invoking command in '/mnt/c/TEMP/CIT/build/snake_robot_cit_description': CMAKE_PREFIX_PATH=${CMAKE_PREFIX_PATH}:/opt/ros/iron /usr/bin/cmake --build /mnt/c/TEMP/CIT/build/snake_robot_cit_description -- -j32 -l32
[4.885s] DEBUG:colcon.colcon_core.event_handler.log_command:Invoked command in '/mnt/c/TEMP/CIT/build/snake_robot_cit_description' returned '0': CMAKE_PREFIX_PATH=${CMAKE_PREFIX_PATH}:/opt/ros/iron /usr/bin/cmake --build /mnt/c/TEMP/CIT/build/snake_robot_cit_description -- -j32 -l32
[4.911s] DEBUG:colcon.colcon_core.event_handler.log_command:Invoking command in '/mnt/c/TEMP/CIT/build/snake_robot_cit_description': CMAKE_PREFIX_PATH=${CMAKE_PREFIX_PATH}:/opt/ros/iron /usr/bin/cmake --install /mnt/c/TEMP/CIT/build/snake_robot_cit_description
[6.444s] Level 1:colcon.colcon_core.environment:create_environment_scripts_only(snake_robot_cit_description)
[6.445s] DEBUG:colcon.colcon_core.event_handler.log_command:Invoked command in '/mnt/c/TEMP/CIT/build/snake_robot_cit_description' returned '0': CMAKE_PREFIX_PATH=${CMAKE_PREFIX_PATH}:/opt/ros/iron /usr/bin/cmake --install /mnt/c/TEMP/CIT/build/snake_robot_cit_description
[6.446s] Level 1:colcon.colcon_core.environment:checking '/mnt/c/TEMP/CIT/install/snake_robot_cit_description' for CMake module files
[6.489s] Level 1:colcon.colcon_core.environment:checking '/mnt/c/TEMP/CIT/install/snake_robot_cit_description' for CMake config files
[6.517s] Level 1:colcon.colcon_core.shell:create_environment_hook('snake_robot_cit_description', 'cmake_prefix_path')
[6.518s] INFO:colcon.colcon_core.shell:Creating environment hook '/mnt/c/TEMP/CIT/install/snake_robot_cit_description/share/snake_robot_cit_description/hook/cmake_prefix_path.ps1'
[6.525s] INFO:colcon.colcon_core.shell:Creating environment descriptor '/mnt/c/TEMP/CIT/install/snake_robot_cit_description/share/snake_robot_cit_description/hook/cmake_prefix_path.dsv'
[6.533s] INFO:colcon.colcon_core.shell:Creating environment hook '/mnt/c/TEMP/CIT/install/snake_robot_cit_description/share/snake_robot_cit_description/hook/cmake_prefix_path.sh'
[6.543s] Level 1:colcon.colcon_core.environment:checking '/mnt/c/TEMP/CIT/install/snake_robot_cit_description/bin'
[6.544s] Level 1:colcon.colcon_core.environment:checking '/mnt/c/TEMP/CIT/install/snake_robot_cit_description/lib/pkgconfig/snake_robot_cit_description.pc'
[6.545s] Level 1:colcon.colcon_core.environment:checking '/mnt/c/TEMP/CIT/install/snake_robot_cit_description/lib/python3.10/site-packages'
[6.546s] Level 1:colcon.colcon_core.environment:checking '/mnt/c/TEMP/CIT/install/snake_robot_cit_description/bin'
[6.547s] INFO:colcon.colcon_core.shell:Creating package script '/mnt/c/TEMP/CIT/install/snake_robot_cit_description/share/snake_robot_cit_description/package.ps1'
[6.554s] INFO:colcon.colcon_core.shell:Creating package descriptor '/mnt/c/TEMP/CIT/install/snake_robot_cit_description/share/snake_robot_cit_description/package.dsv'
[6.561s] INFO:colcon.colcon_core.shell:Creating package script '/mnt/c/TEMP/CIT/install/snake_robot_cit_description/share/snake_robot_cit_description/package.sh'
[6.568s] INFO:colcon.colcon_core.shell:Creating package script '/mnt/c/TEMP/CIT/install/snake_robot_cit_description/share/snake_robot_cit_description/package.bash'
[6.576s] INFO:colcon.colcon_core.shell:Creating package script '/mnt/c/TEMP/CIT/install/snake_robot_cit_description/share/snake_robot_cit_description/package.zsh'
[6.583s] Level 1:colcon.colcon_core.environment:create_file_with_runtime_dependencies(/mnt/c/TEMP/CIT/install/snake_robot_cit_description/share/colcon-core/packages/snake_robot_cit_description)
[6.611s] Level 1:colcon.colcon_core.environment:create_environment_scripts_only(snake_robot_cit_description)
[6.611s] Level 1:colcon.colcon_core.environment:checking '/mnt/c/TEMP/CIT/install/snake_robot_cit_description' for CMake module files
[6.662s] Level 1:colcon.colcon_core.environment:checking '/mnt/c/TEMP/CIT/install/snake_robot_cit_description' for CMake config files
[6.696s] Level 1:colcon.colcon_core.shell:create_environment_hook('snake_robot_cit_description', 'cmake_prefix_path')
[6.696s] INFO:colcon.colcon_core.shell:Creating environment hook '/mnt/c/TEMP/CIT/install/snake_robot_cit_description/share/snake_robot_cit_description/hook/cmake_prefix_path.ps1'
[6.705s] INFO:colcon.colcon_core.shell:Creating environment descriptor '/mnt/c/TEMP/CIT/install/snake_robot_cit_description/share/snake_robot_cit_description/hook/cmake_prefix_path.dsv'
[6.713s] INFO:colcon.colcon_core.shell:Creating environment hook '/mnt/c/TEMP/CIT/install/snake_robot_cit_description/share/snake_robot_cit_description/hook/cmake_prefix_path.sh'
[6.723s] Level 1:colcon.colcon_core.environment:checking '/mnt/c/TEMP/CIT/install/snake_robot_cit_description/bin'
[6.724s] Level 1:colcon.colcon_core.environment:checking '/mnt/c/TEMP/CIT/install/snake_robot_cit_description/lib/pkgconfig/snake_robot_cit_description.pc'
[6.725s] Level 1:colcon.colcon_core.environment:checking '/mnt/c/TEMP/CIT/install/snake_robot_cit_description/lib/python3.10/site-packages'
[6.726s] Level 1:colcon.colcon_core.environment:checking '/mnt/c/TEMP/CIT/install/snake_robot_cit_description/bin'
[6.727s] INFO:colcon.colcon_core.shell:Creating package script '/mnt/c/TEMP/CIT/install/snake_robot_cit_description/share/snake_robot_cit_description/package.ps1'
[6.734s] INFO:colcon.colcon_core.shell:Creating package descriptor '/mnt/c/TEMP/CIT/install/snake_robot_cit_description/share/snake_robot_cit_description/package.dsv'
[6.741s] INFO:colcon.colcon_core.shell:Creating package script '/mnt/c/TEMP/CIT/install/snake_robot_cit_description/share/snake_robot_cit_description/package.sh'
[6.748s] INFO:colcon.colcon_core.shell:Creating package script '/mnt/c/TEMP/CIT/install/snake_robot_cit_description/share/snake_robot_cit_description/package.bash'
[6.755s] INFO:colcon.colcon_core.shell:Creating package script '/mnt/c/TEMP/CIT/install/snake_robot_cit_description/share/snake_robot_cit_description/package.zsh'
[6.763s] Level 1:colcon.colcon_core.environment:create_file_with_runtime_dependencies(/mnt/c/TEMP/CIT/install/snake_robot_cit_description/share/colcon-core/packages/snake_robot_cit_description)
[6.768s] DEBUG:colcon.colcon_parallel_executor.executor.parallel:closing loop
[6.769s] DEBUG:colcon.colcon_parallel_executor.executor.parallel:loop closed
[6.769s] DEBUG:colcon.colcon_parallel_executor.executor.parallel:run_until_complete finished with '0'
[6.769s] DEBUG:colcon.colcon_core.event_reactor:joining thread
[6.798s] INFO:colcon.colcon_core.plugin_system:Skipping extension 'colcon_notification.desktop_notification.notify_send': Could not find 'notify-send'
[6.799s] INFO:colcon.colcon_core.plugin_system:Skipping extension 'colcon_notification.desktop_notification.terminal_notifier': Not used on non-Darwin systems
[6.799s] INFO:colcon.colcon_core.plugin_system:Skipping extension 'colcon_notification.desktop_notification.win32': Not used on non-Windows systems
[6.799s] INFO:colcon.colcon_notification.desktop_notification:Sending desktop notification using 'notify2'
[6.799s] DEBUG:colcon.colcon_notification.desktop_notification.notify2:Failed to initialize notify2: org.freedesktop.DBus.Error.FileNotFound: Failed to connect to socket /run/user/1000/bus: No such file or directory
[6.799s] DEBUG:colcon.colcon_core.event_reactor:joined thread
[6.800s] INFO:colcon.colcon_core.shell:Creating prefix script '/mnt/c/TEMP/CIT/install/local_setup.ps1'
[6.803s] INFO:colcon.colcon_core.shell:Creating prefix util module '/mnt/c/TEMP/CIT/install/_local_setup_util_ps1.py'
[6.806s] INFO:colcon.colcon_core.shell:Creating prefix chain script '/mnt/c/TEMP/CIT/install/setup.ps1'
[6.821s] INFO:colcon.colcon_core.shell:Creating prefix script '/mnt/c/TEMP/CIT/install/local_setup.sh'
[6.824s] INFO:colcon.colcon_core.shell:Creating prefix util module '/mnt/c/TEMP/CIT/install/_local_setup_util_sh.py'
[6.827s] INFO:colcon.colcon_core.shell:Creating prefix chain script '/mnt/c/TEMP/CIT/install/setup.sh'
[6.843s] INFO:colcon.colcon_core.shell:Creating prefix script '/mnt/c/TEMP/CIT/install/local_setup.bash'
[6.846s] INFO:colcon.colcon_core.shell:Creating prefix chain script '/mnt/c/TEMP/CIT/install/setup.bash'
[6.860s] INFO:colcon.colcon_core.shell:Creating prefix script '/mnt/c/TEMP/CIT/install/local_setup.zsh'
[6.863s] INFO:colcon.colcon_core.shell:Creating prefix chain script '/mnt/c/TEMP/CIT/install/setup.zsh'
