[0.096s] Invoking command in '/mnt/c/TEMP/CIT/build/snake_robot_cit_description': CMAKE_PREFIX_PATH=${CMAKE_PREFIX_PATH}:/opt/ros/iron /usr/bin/cmake --build /mnt/c/TEMP/CIT/build/snake_robot_cit_description -- -j32 -l32
[0.173s] -- Found ament_cmake: 2.0.4 (/opt/ros/iron/share/ament_cmake/cmake)
[0.298s] -- Found urdf: 2.8.2 (/opt/ros/iron/share/urdf/cmake)
[0.392s] -- Found TinyXML2 via Config file: /opt/ros/iron/lib/x86_64-linux-gnu/cmake/tinyxml2
[0.571s] -- Configuring done
[0.762s] -- Generating done
[0.800s] -- Build files have been written to: /mnt/c/TEMP/CIT/build/snake_robot_cit_description
[0.819s] Invoked command in '/mnt/c/TEMP/CIT/build/snake_robot_cit_description' returned '0': CMAKE_PREFIX_PATH=${CMAKE_PREFIX_PATH}:/opt/ros/iron /usr/bin/cmake --build /mnt/c/TEMP/CIT/build/snake_robot_cit_description -- -j32 -l32
[0.846s] Invoking command in '/mnt/c/TEMP/CIT/build/snake_robot_cit_description': CMAKE_PREFIX_PATH=${CMAKE_PREFIX_PATH}:/opt/ros/iron /usr/bin/cmake --install /mnt/c/TEMP/CIT/build/snake_robot_cit_description
[0.852s] -- Install configuration: ""
[0.857s] -- Up-to-date: /mnt/c/TEMP/CIT/install/snake_robot_cit_description/share/snake_robot_cit_description/meshes
[0.872s] -- Installing: /mnt/c/TEMP/CIT/install/snake_robot_cit_description/share/snake_robot_cit_description/meshes/base_link.stl
[0.932s] -- Installing: /mnt/c/TEMP/CIT/install/snake_robot_cit_description/share/snake_robot_cit_description/meshes/onemodule1_1.stl
[1.000s] -- Installing: /mnt/c/TEMP/CIT/install/snake_robot_cit_description/share/snake_robot_cit_description/meshes/onemodule2_1.stl
[1.067s] -- Installing: /mnt/c/TEMP/CIT/install/snake_robot_cit_description/share/snake_robot_cit_description/meshes/onemodule3_1.stl
[1.132s] -- Installing: /mnt/c/TEMP/CIT/install/snake_robot_cit_description/share/snake_robot_cit_description/meshes/onemodule4_1.stl
[1.192s] -- Installing: /mnt/c/TEMP/CIT/install/snake_robot_cit_description/share/snake_robot_cit_description/meshes/onemodule5_1.stl
[1.258s] -- Installing: /mnt/c/TEMP/CIT/install/snake_robot_cit_description/share/snake_robot_cit_description/meshes/onemodule6_1.stl
[1.320s] -- Installing: /mnt/c/TEMP/CIT/install/snake_robot_cit_description/share/snake_robot_cit_description/meshes/onemodule7_1.stl
[1.381s] -- Installing: /mnt/c/TEMP/CIT/install/snake_robot_cit_description/share/snake_robot_cit_description/meshes/onemodule8_1.stl
[1.442s] -- Installing: /mnt/c/TEMP/CIT/install/snake_robot_cit_description/share/snake_robot_cit_description/meshes/onemodule9_1.stl
[1.504s] -- Up-to-date: /mnt/c/TEMP/CIT/install/snake_robot_cit_description/share/snake_robot_cit_description/meshes/onemodule_v1_1.stl
[1.515s] -- Up-to-date: /mnt/c/TEMP/CIT/install/snake_robot_cit_description/share/snake_robot_cit_description/meshes/onemodule_v1__1__1.stl
[1.527s] -- Up-to-date: /mnt/c/TEMP/CIT/install/snake_robot_cit_description/share/snake_robot_cit_description/meshes/onemodule_v1__2__1.stl
[1.539s] -- Up-to-date: /mnt/c/TEMP/CIT/install/snake_robot_cit_description/share/snake_robot_cit_description/meshes/onemodule_v1__3__1.stl
[1.550s] -- Up-to-date: /mnt/c/TEMP/CIT/install/snake_robot_cit_description/share/snake_robot_cit_description/meshes/onemodule_v1__4__1.stl
[1.562s] -- Up-to-date: /mnt/c/TEMP/CIT/install/snake_robot_cit_description/share/snake_robot_cit_description/meshes/onemodule_v1__5__1.stl
[1.573s] -- Up-to-date: /mnt/c/TEMP/CIT/install/snake_robot_cit_description/share/snake_robot_cit_description/meshes/onemodule_v1__6__1.stl
[1.585s] -- Up-to-date: /mnt/c/TEMP/CIT/install/snake_robot_cit_description/share/snake_robot_cit_description/meshes/onemodule_v1__7__1.stl
[1.596s] -- Up-to-date: /mnt/c/TEMP/CIT/install/snake_robot_cit_description/share/snake_robot_cit_description/meshes/onemodule_v1__8__1.stl
[1.607s] -- Installing: /mnt/c/TEMP/CIT/install/snake_robot_cit_description/share/snake_robot_cit_description/meshes/tailmodule_1.stl
[1.669s] -- Up-to-date: /mnt/c/TEMP/CIT/install/snake_robot_cit_description/share/snake_robot_cit_description/meshes/tailmodule_v2_1.stl
[1.678s] -- Up-to-date: /mnt/c/TEMP/CIT/install/snake_robot_cit_description/share/snake_robot_cit_description/urdf
[1.693s] -- Installing: /mnt/c/TEMP/CIT/install/snake_robot_cit_description/share/snake_robot_cit_description/urdf/materials.xacro
[1.736s] -- Installing: /mnt/c/TEMP/CIT/install/snake_robot_cit_description/share/snake_robot_cit_description/urdf/snake_robot_cit.trans
[1.779s] -- Installing: /mnt/c/TEMP/CIT/install/snake_robot_cit_description/share/snake_robot_cit_description/urdf/snake_robot_cit.xacro
[1.821s] -- Up-to-date: /mnt/c/TEMP/CIT/install/snake_robot_cit_description/share/snake_robot_cit_description/launch
[1.836s] -- Installing: /mnt/c/TEMP/CIT/install/snake_robot_cit_description/share/snake_robot_cit_description/launch/robot_description.launch.py
[1.887s] -- Up-to-date: /mnt/c/TEMP/CIT/install/snake_robot_cit_description/share/ament_index/resource_index/package_run_dependencies/snake_robot_cit_description
[1.907s] -- Installing: /mnt/c/TEMP/CIT/install/snake_robot_cit_description/share/ament_index/resource_index/parent_prefix_path/snake_robot_cit_description
[1.961s] -- Up-to-date: /mnt/c/TEMP/CIT/install/snake_robot_cit_description/share/snake_robot_cit_description/environment/ament_prefix_path.sh
[1.975s] -- Up-to-date: /mnt/c/TEMP/CIT/install/snake_robot_cit_description/share/snake_robot_cit_description/environment/ament_prefix_path.dsv
[1.985s] -- Up-to-date: /mnt/c/TEMP/CIT/install/snake_robot_cit_description/share/snake_robot_cit_description/environment/path.sh
[1.998s] -- Up-to-date: /mnt/c/TEMP/CIT/install/snake_robot_cit_description/share/snake_robot_cit_description/environment/path.dsv
[2.010s] -- Up-to-date: /mnt/c/TEMP/CIT/install/snake_robot_cit_description/share/snake_robot_cit_description/local_setup.bash
[2.022s] -- Up-to-date: /mnt/c/TEMP/CIT/install/snake_robot_cit_description/share/snake_robot_cit_description/local_setup.sh
[2.034s] -- Up-to-date: /mnt/c/TEMP/CIT/install/snake_robot_cit_description/share/snake_robot_cit_description/local_setup.zsh
[2.045s] -- Up-to-date: /mnt/c/TEMP/CIT/install/snake_robot_cit_description/share/snake_robot_cit_description/local_setup.dsv
[2.057s] -- Installing: /mnt/c/TEMP/CIT/install/snake_robot_cit_description/share/snake_robot_cit_description/package.dsv
[2.102s] -- Up-to-date: /mnt/c/TEMP/CIT/install/snake_robot_cit_description/share/ament_index/resource_index/packages/snake_robot_cit_description
[2.116s] -- Up-to-date: /mnt/c/TEMP/CIT/install/snake_robot_cit_description/share/snake_robot_cit_description/cmake/snake_robot_cit_descriptionConfig.cmake
[2.126s] -- Up-to-date: /mnt/c/TEMP/CIT/install/snake_robot_cit_description/share/snake_robot_cit_description/cmake/snake_robot_cit_descriptionConfig-version.cmake
[2.138s] -- Installing: /mnt/c/TEMP/CIT/install/snake_robot_cit_description/share/snake_robot_cit_description/package.xml
[2.171s] Invoked command in '/mnt/c/TEMP/CIT/build/snake_robot_cit_description' returned '0': CMAKE_PREFIX_PATH=${CMAKE_PREFIX_PATH}:/opt/ros/iron /usr/bin/cmake --install /mnt/c/TEMP/CIT/build/snake_robot_cit_description
