[0.165s] DEBUG:colcon:Command line arguments: ['/usr/bin/colcon', 'build']
[0.165s] DEBUG:colcon:Parsed command line arguments: Namespace(log_base=None, log_level=None, verb_name='build', build_base='build', install_base='install', merge_install=False, symlink_install=False, test_result_base=None, continue_on_error=False, executor='parallel', parallel_workers=32, event_handlers=None, ignore_user_meta=False, metas=['./colcon.meta'], base_paths=['.'], packages_ignore=None, packages_ignore_regex=None, paths=None, packages_up_to=None, packages_up_to_regex=None, packages_above=None, packages_above_and_dependencies=None, packages_above_depth=None, packages_select_by_dep=None, packages_skip_by_dep=None, packages_skip_up_to=None, packages_select_build_failed=False, packages_skip_build_finished=False, packages_select_test_failures=False, packages_skip_test_passed=False, packages_select=None, packages_skip=None, packages_select_regex=None, packages_skip_regex=None, packages_start=None, packages_end=None, allow_overriding=[], cmake_args=None, cmake_target=None, cmake_target_skip_unavailable=False, cmake_clean_cache=False, cmake_clean_first=False, cmake_force_configure=False, ament_cmake_args=None, catkin_cmake_args=None, catkin_skip_building_tests=False, verb_parser=<colcon_defaults.argument_parser.defaults.DefaultArgumentsDecorator object at 0x7f5ebdad5f60>, verb_extension=<colcon_core.verb.build.BuildVerb object at 0x7f5ebda49d20>, main=<bound method BuildVerb.main of <colcon_core.verb.build.BuildVerb object at 0x7f5ebda49d20>>)
[0.406s] Level 1:colcon.colcon_core.package_discovery:discover_packages(colcon_meta) check parameters
[0.406s] Level 1:colcon.colcon_core.package_discovery:discover_packages(recursive) check parameters
[0.406s] Level 1:colcon.colcon_core.package_discovery:discover_packages(ignore) check parameters
[0.406s] Level 1:colcon.colcon_core.package_discovery:discover_packages(path) check parameters
[0.407s] Level 1:colcon.colcon_core.package_discovery:discover_packages(colcon_meta) discover
[0.407s] Level 1:colcon.colcon_core.package_discovery:discover_packages(recursive) discover
[0.407s] INFO:colcon.colcon_core.package_discovery:Crawling recursively for packages in '/mnt/c/TEMP/CIT'
[0.408s] Level 1:colcon.colcon_core.package_identification:_identify(.) by extensions ['ignore', 'ignore_ament_install']
[0.408s] Level 1:colcon.colcon_core.package_identification:_identify(.) by extension 'ignore'
[0.408s] Level 1:colcon.colcon_core.package_identification:_identify(.) by extension 'ignore_ament_install'
[0.409s] Level 1:colcon.colcon_core.package_identification:_identify(.) by extensions ['colcon_pkg']
[0.409s] Level 1:colcon.colcon_core.package_identification:_identify(.) by extension 'colcon_pkg'
[0.409s] Level 1:colcon.colcon_core.package_identification:_identify(.) by extensions ['colcon_meta']
[0.409s] Level 1:colcon.colcon_core.package_identification:_identify(.) by extension 'colcon_meta'
[0.409s] Level 1:colcon.colcon_core.package_identification:_identify(.) by extensions ['ros']
[0.410s] Level 1:colcon.colcon_core.package_identification:_identify(.) by extension 'ros'
[0.420s] Level 1:colcon.colcon_core.package_identification:_identify(.) by extensions ['cmake', 'python']
[0.420s] Level 1:colcon.colcon_core.package_identification:_identify(.) by extension 'cmake'
[0.420s] Level 1:colcon.colcon_core.package_identification:_identify(.) by extension 'python'
[0.421s] Level 1:colcon.colcon_core.package_identification:_identify(.) by extensions ['python_setup_py']
[0.421s] Level 1:colcon.colcon_core.package_identification:_identify(.) by extension 'python_setup_py'
[0.422s] Level 1:colcon.colcon_core.package_identification:_identify(build) by extensions ['ignore', 'ignore_ament_install']
[0.423s] Level 1:colcon.colcon_core.package_identification:_identify(build) by extension 'ignore'
[0.423s] Level 1:colcon.colcon_core.package_identification:_identify(build) ignored
[0.425s] Level 1:colcon.colcon_core.package_identification:_identify(install) by extensions ['ignore', 'ignore_ament_install']
[0.425s] Level 1:colcon.colcon_core.package_identification:_identify(install) by extension 'ignore'
[0.426s] Level 1:colcon.colcon_core.package_identification:_identify(install) ignored
[0.429s] Level 1:colcon.colcon_core.package_identification:_identify(log) by extensions ['ignore', 'ignore_ament_install']
[0.429s] Level 1:colcon.colcon_core.package_identification:_identify(log) by extension 'ignore'
[0.429s] Level 1:colcon.colcon_core.package_identification:_identify(log) ignored
[0.431s] Level 1:colcon.colcon_core.package_identification:_identify(robotfield_description) by extensions ['ignore', 'ignore_ament_install']
[0.431s] Level 1:colcon.colcon_core.package_identification:_identify(robotfield_description) by extension 'ignore'
[0.432s] Level 1:colcon.colcon_core.package_identification:_identify(robotfield_description) by extension 'ignore_ament_install'
[0.432s] Level 1:colcon.colcon_core.package_identification:_identify(robotfield_description) by extensions ['colcon_pkg']
[0.433s] Level 1:colcon.colcon_core.package_identification:_identify(robotfield_description) by extension 'colcon_pkg'
[0.433s] Level 1:colcon.colcon_core.package_identification:_identify(robotfield_description) by extensions ['colcon_meta']
[0.433s] Level 1:colcon.colcon_core.package_identification:_identify(robotfield_description) by extension 'colcon_meta'
[0.434s] Level 1:colcon.colcon_core.package_identification:_identify(robotfield_description) by extensions ['ros']
[0.434s] Level 1:colcon.colcon_core.package_identification:_identify(robotfield_description) by extension 'ros'
[0.446s] DEBUG:colcon.colcon_core.package_identification:Package 'robotfield_description' with type 'ros.ament_cmake' and name 'robotfield_description'
[0.448s] Level 1:colcon.colcon_core.package_identification:_identify(snake_robot_cit_description) by extensions ['ignore', 'ignore_ament_install']
[0.448s] Level 1:colcon.colcon_core.package_identification:_identify(snake_robot_cit_description) by extension 'ignore'
[0.449s] Level 1:colcon.colcon_core.package_identification:_identify(snake_robot_cit_description) by extension 'ignore_ament_install'
[0.450s] Level 1:colcon.colcon_core.package_identification:_identify(snake_robot_cit_description) by extensions ['colcon_pkg']
[0.450s] Level 1:colcon.colcon_core.package_identification:_identify(snake_robot_cit_description) by extension 'colcon_pkg'
[0.451s] Level 1:colcon.colcon_core.package_identification:_identify(snake_robot_cit_description) by extensions ['colcon_meta']
[0.451s] Level 1:colcon.colcon_core.package_identification:_identify(snake_robot_cit_description) by extension 'colcon_meta'
[0.451s] Level 1:colcon.colcon_core.package_identification:_identify(snake_robot_cit_description) by extensions ['ros']
[0.451s] Level 1:colcon.colcon_core.package_identification:_identify(snake_robot_cit_description) by extension 'ros'
[0.462s] DEBUG:colcon.colcon_core.package_identification:Package 'snake_robot_cit_description' with type 'ros.ament_cmake' and name 'snake_robot_cit_description'
[0.462s] Level 1:colcon.colcon_core.package_discovery:discover_packages(recursive) using defaults
[0.462s] Level 1:colcon.colcon_core.package_discovery:discover_packages(ignore) discover
[0.462s] Level 1:colcon.colcon_core.package_discovery:discover_packages(ignore) using defaults
[0.462s] Level 1:colcon.colcon_core.package_discovery:discover_packages(path) discover
[0.463s] Level 1:colcon.colcon_core.package_discovery:discover_packages(path) using defaults
[0.480s] Level 1:colcon.colcon_core.package_discovery:discover_packages(prefix_path) check parameters
[0.480s] Level 1:colcon.colcon_core.package_discovery:discover_packages(prefix_path) discover
[0.512s] DEBUG:colcon.colcon_installed_package_information.package_discovery:Found 2 installed packages in /mnt/c/TEMP/CIT/install
[0.515s] DEBUG:colcon.colcon_installed_package_information.package_discovery:Found 1171 installed packages in /opt/ros/iron
[0.519s] Level 1:colcon.colcon_core.package_discovery:discover_packages(prefix_path) using defaults
[0.642s] Level 5:colcon.colcon_core.verb:set package 'robotfield_description' build argument 'cmake_args' from command line to 'None'
[0.643s] Level 5:colcon.colcon_core.verb:set package 'robotfield_description' build argument 'cmake_target' from command line to 'None'
[0.643s] Level 5:colcon.colcon_core.verb:set package 'robotfield_description' build argument 'cmake_target_skip_unavailable' from command line to 'False'
[0.643s] Level 5:colcon.colcon_core.verb:set package 'robotfield_description' build argument 'cmake_clean_cache' from command line to 'False'
[0.643s] Level 5:colcon.colcon_core.verb:set package 'robotfield_description' build argument 'cmake_clean_first' from command line to 'False'
[0.643s] Level 5:colcon.colcon_core.verb:set package 'robotfield_description' build argument 'cmake_force_configure' from command line to 'False'
[0.643s] Level 5:colcon.colcon_core.verb:set package 'robotfield_description' build argument 'ament_cmake_args' from command line to 'None'
[0.643s] Level 5:colcon.colcon_core.verb:set package 'robotfield_description' build argument 'catkin_cmake_args' from command line to 'None'
[0.644s] Level 5:colcon.colcon_core.verb:set package 'robotfield_description' build argument 'catkin_skip_building_tests' from command line to 'False'
[0.644s] DEBUG:colcon.colcon_core.verb:Building package 'robotfield_description' with the following arguments: {'ament_cmake_args': None, 'build_base': '/mnt/c/TEMP/CIT/build/robotfield_description', 'catkin_cmake_args': None, 'catkin_skip_building_tests': False, 'cmake_args': None, 'cmake_clean_cache': False, 'cmake_clean_first': False, 'cmake_force_configure': False, 'cmake_target': None, 'cmake_target_skip_unavailable': False, 'install_base': '/mnt/c/TEMP/CIT/install/robotfield_description', 'merge_install': False, 'path': '/mnt/c/TEMP/CIT/robotfield_description', 'symlink_install': False, 'test_result_base': None}
[0.644s] Level 5:colcon.colcon_core.verb:set package 'snake_robot_cit_description' build argument 'cmake_args' from command line to 'None'
[0.644s] Level 5:colcon.colcon_core.verb:set package 'snake_robot_cit_description' build argument 'cmake_target' from command line to 'None'
[0.644s] Level 5:colcon.colcon_core.verb:set package 'snake_robot_cit_description' build argument 'cmake_target_skip_unavailable' from command line to 'False'
[0.645s] Level 5:colcon.colcon_core.verb:set package 'snake_robot_cit_description' build argument 'cmake_clean_cache' from command line to 'False'
[0.645s] Level 5:colcon.colcon_core.verb:set package 'snake_robot_cit_description' build argument 'cmake_clean_first' from command line to 'False'
[0.645s] Level 5:colcon.colcon_core.verb:set package 'snake_robot_cit_description' build argument 'cmake_force_configure' from command line to 'False'
[0.645s] Level 5:colcon.colcon_core.verb:set package 'snake_robot_cit_description' build argument 'ament_cmake_args' from command line to 'None'
[0.645s] Level 5:colcon.colcon_core.verb:set package 'snake_robot_cit_description' build argument 'catkin_cmake_args' from command line to 'None'
[0.645s] Level 5:colcon.colcon_core.verb:set package 'snake_robot_cit_description' build argument 'catkin_skip_building_tests' from command line to 'False'
[0.645s] DEBUG:colcon.colcon_core.verb:Building package 'snake_robot_cit_description' with the following arguments: {'ament_cmake_args': None, 'build_base': '/mnt/c/TEMP/CIT/build/snake_robot_cit_description', 'catkin_cmake_args': None, 'catkin_skip_building_tests': False, 'cmake_args': None, 'cmake_clean_cache': False, 'cmake_clean_first': False, 'cmake_force_configure': False, 'cmake_target': None, 'cmake_target_skip_unavailable': False, 'install_base': '/mnt/c/TEMP/CIT/install/snake_robot_cit_description', 'merge_install': False, 'path': '/mnt/c/TEMP/CIT/snake_robot_cit_description', 'symlink_install': False, 'test_result_base': None}
[0.646s] INFO:colcon.colcon_core.executor:Executing jobs using 'parallel' executor
[0.647s] DEBUG:colcon.colcon_parallel_executor.executor.parallel:run_until_complete
[0.647s] INFO:colcon.colcon_ros.task.ament_cmake.build:Building ROS package in '/mnt/c/TEMP/CIT/robotfield_description' with build type 'ament_cmake'
[0.647s] INFO:colcon.colcon_cmake.task.cmake.build:Building CMake package in '/mnt/c/TEMP/CIT/robotfield_description'
[0.649s] INFO:colcon.colcon_core.plugin_system:Skipping extension 'colcon_core.shell.bat': Not used on non-Windows systems
[0.650s] INFO:colcon.colcon_core.shell:Skip shell extension 'powershell' for command environment: Not usable outside of PowerShell
[0.650s] DEBUG:colcon.colcon_core.shell:Skip shell extension 'dsv' for command environment
[0.690s] INFO:colcon.colcon_ros.task.ament_cmake.build:Building ROS package in '/mnt/c/TEMP/CIT/snake_robot_cit_description' with build type 'ament_cmake'
[0.691s] INFO:colcon.colcon_cmake.task.cmake.build:Building CMake package in '/mnt/c/TEMP/CIT/snake_robot_cit_description'
[0.691s] INFO:colcon.colcon_core.shell:Skip shell extension 'powershell' for command environment: Not usable outside of PowerShell
[0.691s] DEBUG:colcon.colcon_core.shell:Skip shell extension 'dsv' for command environment
[0.767s] DEBUG:colcon.colcon_core.event_handler.log_command:Invoking command in '/mnt/c/TEMP/CIT/build/robotfield_description': CMAKE_PREFIX_PATH=${CMAKE_PREFIX_PATH}:/opt/ros/iron /usr/bin/cmake --build /mnt/c/TEMP/CIT/build/robotfield_description -- -j32 -l32
[0.793s] DEBUG:colcon.colcon_core.event_handler.log_command:Invoking command in '/mnt/c/TEMP/CIT/build/snake_robot_cit_description': CMAKE_PREFIX_PATH=${CMAKE_PREFIX_PATH}:/opt/ros/iron /usr/bin/cmake --build /mnt/c/TEMP/CIT/build/snake_robot_cit_description -- -j32 -l32
[0.870s] DEBUG:colcon.colcon_core.event_handler.log_command:Invoked command in '/mnt/c/TEMP/CIT/build/snake_robot_cit_description' returned '0': CMAKE_PREFIX_PATH=${CMAKE_PREFIX_PATH}:/opt/ros/iron /usr/bin/cmake --build /mnt/c/TEMP/CIT/build/snake_robot_cit_description -- -j32 -l32
[0.900s] DEBUG:colcon.colcon_core.event_handler.log_command:Invoking command in '/mnt/c/TEMP/CIT/build/snake_robot_cit_description': CMAKE_PREFIX_PATH=${CMAKE_PREFIX_PATH}:/opt/ros/iron /usr/bin/cmake --install /mnt/c/TEMP/CIT/build/snake_robot_cit_description
[1.530s] Level 1:colcon.colcon_core.environment:create_environment_scripts_only(snake_robot_cit_description)
[1.532s] DEBUG:colcon.colcon_core.event_handler.log_command:Invoked command in '/mnt/c/TEMP/CIT/build/snake_robot_cit_description' returned '0': CMAKE_PREFIX_PATH=${CMAKE_PREFIX_PATH}:/opt/ros/iron /usr/bin/cmake --install /mnt/c/TEMP/CIT/build/snake_robot_cit_description
[1.533s] Level 1:colcon.colcon_core.environment:checking '/mnt/c/TEMP/CIT/install/snake_robot_cit_description' for CMake module files
[1.590s] Level 1:colcon.colcon_core.environment:checking '/mnt/c/TEMP/CIT/install/snake_robot_cit_description' for CMake config files
[1.630s] Level 1:colcon.colcon_core.shell:create_environment_hook('snake_robot_cit_description', 'cmake_prefix_path')
[1.631s] INFO:colcon.colcon_core.shell:Creating environment hook '/mnt/c/TEMP/CIT/install/snake_robot_cit_description/share/snake_robot_cit_description/hook/cmake_prefix_path.ps1'
[1.640s] INFO:colcon.colcon_core.shell:Creating environment descriptor '/mnt/c/TEMP/CIT/install/snake_robot_cit_description/share/snake_robot_cit_description/hook/cmake_prefix_path.dsv'
[1.650s] INFO:colcon.colcon_core.shell:Creating environment hook '/mnt/c/TEMP/CIT/install/snake_robot_cit_description/share/snake_robot_cit_description/hook/cmake_prefix_path.sh'
[1.662s] Level 1:colcon.colcon_core.environment:checking '/mnt/c/TEMP/CIT/install/snake_robot_cit_description/bin'
[1.662s] Level 1:colcon.colcon_core.environment:checking '/mnt/c/TEMP/CIT/install/snake_robot_cit_description/lib/pkgconfig/snake_robot_cit_description.pc'
[1.663s] Level 1:colcon.colcon_core.environment:checking '/mnt/c/TEMP/CIT/install/snake_robot_cit_description/lib/python3.10/site-packages'
[1.664s] Level 1:colcon.colcon_core.environment:checking '/mnt/c/TEMP/CIT/install/snake_robot_cit_description/bin'
[1.665s] INFO:colcon.colcon_core.shell:Creating package script '/mnt/c/TEMP/CIT/install/snake_robot_cit_description/share/snake_robot_cit_description/package.ps1'
[1.673s] INFO:colcon.colcon_core.shell:Creating package descriptor '/mnt/c/TEMP/CIT/install/snake_robot_cit_description/share/snake_robot_cit_description/package.dsv'
[1.681s] INFO:colcon.colcon_core.shell:Creating package script '/mnt/c/TEMP/CIT/install/snake_robot_cit_description/share/snake_robot_cit_description/package.sh'
[1.689s] INFO:colcon.colcon_core.shell:Creating package script '/mnt/c/TEMP/CIT/install/snake_robot_cit_description/share/snake_robot_cit_description/package.bash'
[1.697s] INFO:colcon.colcon_core.shell:Creating package script '/mnt/c/TEMP/CIT/install/snake_robot_cit_description/share/snake_robot_cit_description/package.zsh'
[1.704s] Level 1:colcon.colcon_core.environment:create_file_with_runtime_dependencies(/mnt/c/TEMP/CIT/install/snake_robot_cit_description/share/colcon-core/packages/snake_robot_cit_description)
[1.715s] DEBUG:colcon.colcon_core.event_handler.log_command:Invoked command in '/mnt/c/TEMP/CIT/build/robotfield_description' returned '0': CMAKE_PREFIX_PATH=${CMAKE_PREFIX_PATH}:/opt/ros/iron /usr/bin/cmake --build /mnt/c/TEMP/CIT/build/robotfield_description -- -j32 -l32
[1.732s] Level 1:colcon.colcon_core.environment:create_environment_scripts_only(snake_robot_cit_description)
[1.732s] Level 1:colcon.colcon_core.environment:checking '/mnt/c/TEMP/CIT/install/snake_robot_cit_description' for CMake module files
[1.786s] Level 1:colcon.colcon_core.environment:checking '/mnt/c/TEMP/CIT/install/snake_robot_cit_description' for CMake config files
[1.821s] Level 1:colcon.colcon_core.shell:create_environment_hook('snake_robot_cit_description', 'cmake_prefix_path')
[1.821s] INFO:colcon.colcon_core.shell:Creating environment hook '/mnt/c/TEMP/CIT/install/snake_robot_cit_description/share/snake_robot_cit_description/hook/cmake_prefix_path.ps1'
[1.830s] INFO:colcon.colcon_core.shell:Creating environment descriptor '/mnt/c/TEMP/CIT/install/snake_robot_cit_description/share/snake_robot_cit_description/hook/cmake_prefix_path.dsv'
[1.839s] INFO:colcon.colcon_core.shell:Creating environment hook '/mnt/c/TEMP/CIT/install/snake_robot_cit_description/share/snake_robot_cit_description/hook/cmake_prefix_path.sh'
[1.850s] Level 1:colcon.colcon_core.environment:checking '/mnt/c/TEMP/CIT/install/snake_robot_cit_description/bin'
[1.851s] Level 1:colcon.colcon_core.environment:checking '/mnt/c/TEMP/CIT/install/snake_robot_cit_description/lib/pkgconfig/snake_robot_cit_description.pc'
[1.852s] Level 1:colcon.colcon_core.environment:checking '/mnt/c/TEMP/CIT/install/snake_robot_cit_description/lib/python3.10/site-packages'
[1.853s] Level 1:colcon.colcon_core.environment:checking '/mnt/c/TEMP/CIT/install/snake_robot_cit_description/bin'
[1.854s] INFO:colcon.colcon_core.shell:Creating package script '/mnt/c/TEMP/CIT/install/snake_robot_cit_description/share/snake_robot_cit_description/package.ps1'
[1.862s] INFO:colcon.colcon_core.shell:Creating package descriptor '/mnt/c/TEMP/CIT/install/snake_robot_cit_description/share/snake_robot_cit_description/package.dsv'
[1.869s] INFO:colcon.colcon_core.shell:Creating package script '/mnt/c/TEMP/CIT/install/snake_robot_cit_description/share/snake_robot_cit_description/package.sh'
[1.877s] INFO:colcon.colcon_core.shell:Creating package script '/mnt/c/TEMP/CIT/install/snake_robot_cit_description/share/snake_robot_cit_description/package.bash'
[1.885s] INFO:colcon.colcon_core.shell:Creating package script '/mnt/c/TEMP/CIT/install/snake_robot_cit_description/share/snake_robot_cit_description/package.zsh'
[1.892s] Level 1:colcon.colcon_core.environment:create_file_with_runtime_dependencies(/mnt/c/TEMP/CIT/install/snake_robot_cit_description/share/colcon-core/packages/snake_robot_cit_description)
[1.906s] DEBUG:colcon.colcon_core.event_handler.log_command:Invoking command in '/mnt/c/TEMP/CIT/build/robotfield_description': CMAKE_PREFIX_PATH=${CMAKE_PREFIX_PATH}:/opt/ros/iron /usr/bin/cmake --install /mnt/c/TEMP/CIT/build/robotfield_description
[18.524s] Level 1:colcon.colcon_core.environment:create_environment_scripts_only(robotfield_description)
[18.525s] Level 1:colcon.colcon_core.environment:checking '/mnt/c/TEMP/CIT/install/robotfield_description' for CMake module files
[18.527s] DEBUG:colcon.colcon_core.event_handler.log_command:Invoked command in '/mnt/c/TEMP/CIT/build/robotfield_description' returned '0': CMAKE_PREFIX_PATH=${CMAKE_PREFIX_PATH}:/opt/ros/iron /usr/bin/cmake --install /mnt/c/TEMP/CIT/build/robotfield_description
[18.577s] Level 1:colcon.colcon_core.environment:checking '/mnt/c/TEMP/CIT/install/robotfield_description' for CMake config files
[18.613s] Level 1:colcon.colcon_core.shell:create_environment_hook('robotfield_description', 'cmake_prefix_path')
[18.613s] INFO:colcon.colcon_core.shell:Creating environment hook '/mnt/c/TEMP/CIT/install/robotfield_description/share/robotfield_description/hook/cmake_prefix_path.ps1'
[18.622s] INFO:colcon.colcon_core.shell:Creating environment descriptor '/mnt/c/TEMP/CIT/install/robotfield_description/share/robotfield_description/hook/cmake_prefix_path.dsv'
[18.631s] INFO:colcon.colcon_core.shell:Creating environment hook '/mnt/c/TEMP/CIT/install/robotfield_description/share/robotfield_description/hook/cmake_prefix_path.sh'
[18.641s] Level 1:colcon.colcon_core.environment:checking '/mnt/c/TEMP/CIT/install/robotfield_description/bin'
[18.642s] Level 1:colcon.colcon_core.environment:checking '/mnt/c/TEMP/CIT/install/robotfield_description/lib/pkgconfig/robotfield_description.pc'
[18.643s] Level 1:colcon.colcon_core.environment:checking '/mnt/c/TEMP/CIT/install/robotfield_description/lib/python3.10/site-packages'
[18.643s] Level 1:colcon.colcon_core.environment:checking '/mnt/c/TEMP/CIT/install/robotfield_description/bin'
[18.645s] INFO:colcon.colcon_core.shell:Creating package script '/mnt/c/TEMP/CIT/install/robotfield_description/share/robotfield_description/package.ps1'
[18.652s] INFO:colcon.colcon_core.shell:Creating package descriptor '/mnt/c/TEMP/CIT/install/robotfield_description/share/robotfield_description/package.dsv'
[18.658s] INFO:colcon.colcon_core.shell:Creating package script '/mnt/c/TEMP/CIT/install/robotfield_description/share/robotfield_description/package.sh'
[18.666s] INFO:colcon.colcon_core.shell:Creating package script '/mnt/c/TEMP/CIT/install/robotfield_description/share/robotfield_description/package.bash'
[18.673s] INFO:colcon.colcon_core.shell:Creating package script '/mnt/c/TEMP/CIT/install/robotfield_description/share/robotfield_description/package.zsh'
[18.681s] Level 1:colcon.colcon_core.environment:create_file_with_runtime_dependencies(/mnt/c/TEMP/CIT/install/robotfield_description/share/colcon-core/packages/robotfield_description)
[18.708s] Level 1:colcon.colcon_core.environment:create_environment_scripts_only(robotfield_description)
[18.709s] Level 1:colcon.colcon_core.environment:checking '/mnt/c/TEMP/CIT/install/robotfield_description' for CMake module files
[18.761s] Level 1:colcon.colcon_core.environment:checking '/mnt/c/TEMP/CIT/install/robotfield_description' for CMake config files
[18.796s] Level 1:colcon.colcon_core.shell:create_environment_hook('robotfield_description', 'cmake_prefix_path')
[18.797s] INFO:colcon.colcon_core.shell:Creating environment hook '/mnt/c/TEMP/CIT/install/robotfield_description/share/robotfield_description/hook/cmake_prefix_path.ps1'
[18.805s] INFO:colcon.colcon_core.shell:Creating environment descriptor '/mnt/c/TEMP/CIT/install/robotfield_description/share/robotfield_description/hook/cmake_prefix_path.dsv'
[18.814s] INFO:colcon.colcon_core.shell:Creating environment hook '/mnt/c/TEMP/CIT/install/robotfield_description/share/robotfield_description/hook/cmake_prefix_path.sh'
[18.825s] Level 1:colcon.colcon_core.environment:checking '/mnt/c/TEMP/CIT/install/robotfield_description/bin'
[18.825s] Level 1:colcon.colcon_core.environment:checking '/mnt/c/TEMP/CIT/install/robotfield_description/lib/pkgconfig/robotfield_description.pc'
[18.826s] Level 1:colcon.colcon_core.environment:checking '/mnt/c/TEMP/CIT/install/robotfield_description/lib/python3.10/site-packages'
[18.827s] Level 1:colcon.colcon_core.environment:checking '/mnt/c/TEMP/CIT/install/robotfield_description/bin'
[18.828s] INFO:colcon.colcon_core.shell:Creating package script '/mnt/c/TEMP/CIT/install/robotfield_description/share/robotfield_description/package.ps1'
[18.836s] INFO:colcon.colcon_core.shell:Creating package descriptor '/mnt/c/TEMP/CIT/install/robotfield_description/share/robotfield_description/package.dsv'
[18.843s] INFO:colcon.colcon_core.shell:Creating package script '/mnt/c/TEMP/CIT/install/robotfield_description/share/robotfield_description/package.sh'
[18.850s] INFO:colcon.colcon_core.shell:Creating package script '/mnt/c/TEMP/CIT/install/robotfield_description/share/robotfield_description/package.bash'
[18.857s] INFO:colcon.colcon_core.shell:Creating package script '/mnt/c/TEMP/CIT/install/robotfield_description/share/robotfield_description/package.zsh'
[18.865s] Level 1:colcon.colcon_core.environment:create_file_with_runtime_dependencies(/mnt/c/TEMP/CIT/install/robotfield_description/share/colcon-core/packages/robotfield_description)
[18.871s] DEBUG:colcon.colcon_parallel_executor.executor.parallel:closing loop
[18.871s] DEBUG:colcon.colcon_parallel_executor.executor.parallel:loop closed
[18.871s] DEBUG:colcon.colcon_parallel_executor.executor.parallel:run_until_complete finished with '0'
[18.871s] DEBUG:colcon.colcon_core.event_reactor:joining thread
[18.901s] INFO:colcon.colcon_core.plugin_system:Skipping extension 'colcon_notification.desktop_notification.notify_send': Could not find 'notify-send'
[18.901s] INFO:colcon.colcon_core.plugin_system:Skipping extension 'colcon_notification.desktop_notification.terminal_notifier': Not used on non-Darwin systems
[18.901s] INFO:colcon.colcon_core.plugin_system:Skipping extension 'colcon_notification.desktop_notification.win32': Not used on non-Windows systems
[18.901s] INFO:colcon.colcon_notification.desktop_notification:Sending desktop notification using 'notify2'
[18.902s] DEBUG:colcon.colcon_notification.desktop_notification.notify2:Failed to initialize notify2: org.freedesktop.DBus.Error.FileNotFound: Failed to connect to socket /run/user/1000/bus: No such file or directory
[18.902s] DEBUG:colcon.colcon_core.event_reactor:joined thread
[18.902s] INFO:colcon.colcon_core.shell:Creating prefix script '/mnt/c/TEMP/CIT/install/local_setup.ps1'
[18.907s] INFO:colcon.colcon_core.shell:Creating prefix util module '/mnt/c/TEMP/CIT/install/_local_setup_util_ps1.py'
[18.912s] INFO:colcon.colcon_core.shell:Creating prefix chain script '/mnt/c/TEMP/CIT/install/setup.ps1'
[18.929s] INFO:colcon.colcon_core.shell:Creating prefix script '/mnt/c/TEMP/CIT/install/local_setup.sh'
[18.932s] INFO:colcon.colcon_core.shell:Creating prefix util module '/mnt/c/TEMP/CIT/install/_local_setup_util_sh.py'
[18.936s] INFO:colcon.colcon_core.shell:Creating prefix chain script '/mnt/c/TEMP/CIT/install/setup.sh'
[18.951s] INFO:colcon.colcon_core.shell:Creating prefix script '/mnt/c/TEMP/CIT/install/local_setup.bash'
[18.954s] INFO:colcon.colcon_core.shell:Creating prefix chain script '/mnt/c/TEMP/CIT/install/setup.bash'
[18.969s] INFO:colcon.colcon_core.shell:Creating prefix script '/mnt/c/TEMP/CIT/install/local_setup.zsh'
[18.973s] INFO:colcon.colcon_core.shell:Creating prefix chain script '/mnt/c/TEMP/CIT/install/setup.zsh'
