[0.173s] Invoking command in '/mnt/c/TEMP/CIT/build/snake_robot_cit_description': CMAKE_PREFIX_PATH=${CMAKE_PREFIX_PATH}:/opt/ros/iron /usr/bin/cmake --build /mnt/c/TEMP/CIT/build/snake_robot_cit_description -- -j32 -l32
[0.301s] -- Found ament_cmake: 2.0.4 (/opt/ros/iron/share/ament_cmake/cmake)
[0.485s] -- Found urdf: 2.8.2 (/opt/ros/iron/share/urdf/cmake)
[0.621s] -- Found TinyXML2 via Config file: /opt/ros/iron/lib/x86_64-linux-gnu/cmake/tinyxml2
[0.864s] -- Configuring done
[1.129s] -- Generating done
[1.170s] -- Build files have been written to: /mnt/c/TEMP/CIT/build/snake_robot_cit_description
[1.196s] Invoked command in '/mnt/c/TEMP/CIT/build/snake_robot_cit_description' returned '0': CMAKE_PREFIX_PATH=${CMAKE_PREFIX_PATH}:/opt/ros/iron /usr/bin/cmake --build /mnt/c/TEMP/CIT/build/snake_robot_cit_description -- -j32 -l32
[1.234s] Invoking command in '/mnt/c/TEMP/CIT/build/snake_robot_cit_description': CMAKE_PREFIX_PATH=${CMAKE_PREFIX_PATH}:/opt/ros/iron /usr/bin/cmake --install /mnt/c/TEMP/CIT/build/snake_robot_cit_description
[1.240s] -- Install configuration: ""
[1.246s] -- Up-to-date: /mnt/c/TEMP/CIT/install/snake_robot_cit_description/share/snake_robot_cit_description/meshes
[1.263s] -- Installing: /mnt/c/TEMP/CIT/install/snake_robot_cit_description/share/snake_robot_cit_description/meshes/base_link.stl
[1.329s] -- Installing: /mnt/c/TEMP/CIT/install/snake_robot_cit_description/share/snake_robot_cit_description/meshes/onemodule1_1.stl
[1.418s] -- Installing: /mnt/c/TEMP/CIT/install/snake_robot_cit_description/share/snake_robot_cit_description/meshes/onemodule2_1.stl
[1.513s] -- Installing: /mnt/c/TEMP/CIT/install/snake_robot_cit_description/share/snake_robot_cit_description/meshes/onemodule3_1.stl
[1.602s] -- Installing: /mnt/c/TEMP/CIT/install/snake_robot_cit_description/share/snake_robot_cit_description/meshes/onemodule4_1.stl
[1.692s] -- Installing: /mnt/c/TEMP/CIT/install/snake_robot_cit_description/share/snake_robot_cit_description/meshes/onemodule5_1.stl
[1.780s] -- Installing: /mnt/c/TEMP/CIT/install/snake_robot_cit_description/share/snake_robot_cit_description/meshes/onemodule6_1.stl
[1.869s] -- Installing: /mnt/c/TEMP/CIT/install/snake_robot_cit_description/share/snake_robot_cit_description/meshes/onemodule7_1.stl
[1.960s] -- Installing: /mnt/c/TEMP/CIT/install/snake_robot_cit_description/share/snake_robot_cit_description/meshes/onemodule8_1.stl
[2.052s] -- Installing: /mnt/c/TEMP/CIT/install/snake_robot_cit_description/share/snake_robot_cit_description/meshes/onemodule9_1.stl
[2.143s] -- Up-to-date: /mnt/c/TEMP/CIT/install/snake_robot_cit_description/share/snake_robot_cit_description/meshes/onemodule_v1_1.stl
[2.155s] -- Up-to-date: /mnt/c/TEMP/CIT/install/snake_robot_cit_description/share/snake_robot_cit_description/meshes/onemodule_v1__1__1.stl
[2.168s] -- Up-to-date: /mnt/c/TEMP/CIT/install/snake_robot_cit_description/share/snake_robot_cit_description/meshes/onemodule_v1__2__1.stl
[2.181s] -- Up-to-date: /mnt/c/TEMP/CIT/install/snake_robot_cit_description/share/snake_robot_cit_description/meshes/onemodule_v1__3__1.stl
[2.193s] -- Up-to-date: /mnt/c/TEMP/CIT/install/snake_robot_cit_description/share/snake_robot_cit_description/meshes/onemodule_v1__4__1.stl
[2.206s] -- Up-to-date: /mnt/c/TEMP/CIT/install/snake_robot_cit_description/share/snake_robot_cit_description/meshes/onemodule_v1__5__1.stl
[2.218s] -- Up-to-date: /mnt/c/TEMP/CIT/install/snake_robot_cit_description/share/snake_robot_cit_description/meshes/onemodule_v1__6__1.stl
[2.231s] -- Up-to-date: /mnt/c/TEMP/CIT/install/snake_robot_cit_description/share/snake_robot_cit_description/meshes/onemodule_v1__7__1.stl
[2.244s] -- Up-to-date: /mnt/c/TEMP/CIT/install/snake_robot_cit_description/share/snake_robot_cit_description/meshes/onemodule_v1__8__1.stl
[2.257s] -- Installing: /mnt/c/TEMP/CIT/install/snake_robot_cit_description/share/snake_robot_cit_description/meshes/tailmodule_1.stl
[2.326s] -- Up-to-date: /mnt/c/TEMP/CIT/install/snake_robot_cit_description/share/snake_robot_cit_description/meshes/tailmodule_v2_1.stl
[2.335s] -- Up-to-date: /mnt/c/TEMP/CIT/install/snake_robot_cit_description/share/snake_robot_cit_description/urdf
[2.352s] -- Installing: /mnt/c/TEMP/CIT/install/snake_robot_cit_description/share/snake_robot_cit_description/urdf/materials.xacro
[2.400s] -- Installing: /mnt/c/TEMP/CIT/install/snake_robot_cit_description/share/snake_robot_cit_description/urdf/snake_robot_cit.trans
[2.447s] -- Installing: /mnt/c/TEMP/CIT/install/snake_robot_cit_description/share/snake_robot_cit_description/urdf/snake_robot_cit.xacro
[2.495s] -- Up-to-date: /mnt/c/TEMP/CIT/install/snake_robot_cit_description/share/snake_robot_cit_description/launch
[2.513s] -- Installing: /mnt/c/TEMP/CIT/install/snake_robot_cit_description/share/snake_robot_cit_description/launch/robot_description.launch.py
[2.571s] -- Up-to-date: /mnt/c/TEMP/CIT/install/snake_robot_cit_description/share/ament_index/resource_index/package_run_dependencies/snake_robot_cit_description
[2.593s] -- Up-to-date: /mnt/c/TEMP/CIT/install/snake_robot_cit_description/share/ament_index/resource_index/parent_prefix_path/snake_robot_cit_description
[2.604s] -- Up-to-date: /mnt/c/TEMP/CIT/install/snake_robot_cit_description/share/snake_robot_cit_description/environment/ament_prefix_path.sh
[2.619s] -- Up-to-date: /mnt/c/TEMP/CIT/install/snake_robot_cit_description/share/snake_robot_cit_description/environment/ament_prefix_path.dsv
[2.630s] -- Up-to-date: /mnt/c/TEMP/CIT/install/snake_robot_cit_description/share/snake_robot_cit_description/environment/path.sh
[2.644s] -- Up-to-date: /mnt/c/TEMP/CIT/install/snake_robot_cit_description/share/snake_robot_cit_description/environment/path.dsv
[2.657s] -- Up-to-date: /mnt/c/TEMP/CIT/install/snake_robot_cit_description/share/snake_robot_cit_description/local_setup.bash
[2.669s] -- Up-to-date: /mnt/c/TEMP/CIT/install/snake_robot_cit_description/share/snake_robot_cit_description/local_setup.sh
[2.682s] -- Up-to-date: /mnt/c/TEMP/CIT/install/snake_robot_cit_description/share/snake_robot_cit_description/local_setup.zsh
[2.694s] -- Up-to-date: /mnt/c/TEMP/CIT/install/snake_robot_cit_description/share/snake_robot_cit_description/local_setup.dsv
[2.707s] -- Installing: /mnt/c/TEMP/CIT/install/snake_robot_cit_description/share/snake_robot_cit_description/package.dsv
[2.756s] -- Up-to-date: /mnt/c/TEMP/CIT/install/snake_robot_cit_description/share/ament_index/resource_index/packages/snake_robot_cit_description
[2.770s] -- Up-to-date: /mnt/c/TEMP/CIT/install/snake_robot_cit_description/share/snake_robot_cit_description/cmake/snake_robot_cit_descriptionConfig.cmake
[2.781s] -- Up-to-date: /mnt/c/TEMP/CIT/install/snake_robot_cit_description/share/snake_robot_cit_description/cmake/snake_robot_cit_descriptionConfig-version.cmake
[2.794s] -- Installing: /mnt/c/TEMP/CIT/install/snake_robot_cit_description/share/snake_robot_cit_description/package.xml
[2.830s] Invoked command in '/mnt/c/TEMP/CIT/build/snake_robot_cit_description' returned '0': CMAKE_PREFIX_PATH=${CMAKE_PREFIX_PATH}:/opt/ros/iron /usr/bin/cmake --install /mnt/c/TEMP/CIT/build/snake_robot_cit_description
