[0.045s] Invoking command in '/mnt/c/TEMP/CIT/build/snake_robot_cit_description': /usr/bin/cmake --build /mnt/c/TEMP/CIT/build/snake_robot_cit_description -- -j32 -l32
[0.123s] Invoked command in '/mnt/c/TEMP/CIT/build/snake_robot_cit_description' returned '0': /usr/bin/cmake --build /mnt/c/TEMP/CIT/build/snake_robot_cit_description -- -j32 -l32
[0.152s] Invoking command in '/mnt/c/TEMP/CIT/build/snake_robot_cit_description': /usr/bin/cmake --install /mnt/c/TEMP/CIT/build/snake_robot_cit_description
[0.162s] -- Install configuration: ""
[0.167s] -- Up-to-date: /mnt/c/TEMP/CIT/install/snake_robot_cit_description/share/snake_robot_cit_description/meshes
[0.184s] -- Up-to-date: /mnt/c/TEMP/CIT/install/snake_robot_cit_description/share/snake_robot_cit_description/meshes/base_link.stl
[0.196s] -- Up-to-date: /mnt/c/TEMP/CIT/install/snake_robot_cit_description/share/snake_robot_cit_description/meshes/onemodule1_1.stl
[0.209s] -- Up-to-date: /mnt/c/TEMP/CIT/install/snake_robot_cit_description/share/snake_robot_cit_description/meshes/onemodule2_1.stl
[0.223s] -- Up-to-date: /mnt/c/TEMP/CIT/install/snake_robot_cit_description/share/snake_robot_cit_description/meshes/onemodule3_1.stl
[0.236s] -- Up-to-date: /mnt/c/TEMP/CIT/install/snake_robot_cit_description/share/snake_robot_cit_description/meshes/onemodule4_1.stl
[0.249s] -- Up-to-date: /mnt/c/TEMP/CIT/install/snake_robot_cit_description/share/snake_robot_cit_description/meshes/onemodule5_1.stl
[0.261s] -- Up-to-date: /mnt/c/TEMP/CIT/install/snake_robot_cit_description/share/snake_robot_cit_description/meshes/onemodule6_1.stl
[0.274s] -- Up-to-date: /mnt/c/TEMP/CIT/install/snake_robot_cit_description/share/snake_robot_cit_description/meshes/onemodule7_1.stl
[0.287s] -- Up-to-date: /mnt/c/TEMP/CIT/install/snake_robot_cit_description/share/snake_robot_cit_description/meshes/onemodule8_1.stl
[0.299s] -- Up-to-date: /mnt/c/TEMP/CIT/install/snake_robot_cit_description/share/snake_robot_cit_description/meshes/onemodule9_1.stl
[0.312s] -- Up-to-date: /mnt/c/TEMP/CIT/install/snake_robot_cit_description/share/snake_robot_cit_description/meshes/onemodule_v1_1.stl
[0.324s] -- Up-to-date: /mnt/c/TEMP/CIT/install/snake_robot_cit_description/share/snake_robot_cit_description/meshes/onemodule_v1__1__1.stl
[0.337s] -- Up-to-date: /mnt/c/TEMP/CIT/install/snake_robot_cit_description/share/snake_robot_cit_description/meshes/onemodule_v1__2__1.stl
[0.350s] -- Up-to-date: /mnt/c/TEMP/CIT/install/snake_robot_cit_description/share/snake_robot_cit_description/meshes/onemodule_v1__3__1.stl
[0.363s] -- Up-to-date: /mnt/c/TEMP/CIT/install/snake_robot_cit_description/share/snake_robot_cit_description/meshes/onemodule_v1__4__1.stl
[0.377s] -- Up-to-date: /mnt/c/TEMP/CIT/install/snake_robot_cit_description/share/snake_robot_cit_description/meshes/onemodule_v1__5__1.stl
[0.391s] -- Up-to-date: /mnt/c/TEMP/CIT/install/snake_robot_cit_description/share/snake_robot_cit_description/meshes/onemodule_v1__6__1.stl
[0.404s] -- Up-to-date: /mnt/c/TEMP/CIT/install/snake_robot_cit_description/share/snake_robot_cit_description/meshes/onemodule_v1__7__1.stl
[0.417s] -- Up-to-date: /mnt/c/TEMP/CIT/install/snake_robot_cit_description/share/snake_robot_cit_description/meshes/onemodule_v1__8__1.stl
[0.430s] -- Up-to-date: /mnt/c/TEMP/CIT/install/snake_robot_cit_description/share/snake_robot_cit_description/meshes/tailmodule_1.stl
[0.443s] -- Up-to-date: /mnt/c/TEMP/CIT/install/snake_robot_cit_description/share/snake_robot_cit_description/meshes/tailmodule_v2_1.stl
[0.452s] -- Up-to-date: /mnt/c/TEMP/CIT/install/snake_robot_cit_description/share/snake_robot_cit_description/urdf
[0.469s] -- Up-to-date: /mnt/c/TEMP/CIT/install/snake_robot_cit_description/share/snake_robot_cit_description/urdf/materials.xacro
[0.481s] -- Up-to-date: /mnt/c/TEMP/CIT/install/snake_robot_cit_description/share/snake_robot_cit_description/urdf/snake_robot_cit.trans
[0.494s] -- Up-to-date: /mnt/c/TEMP/CIT/install/snake_robot_cit_description/share/snake_robot_cit_description/urdf/snake_robot_cit.xacro
[0.504s] -- Up-to-date: /mnt/c/TEMP/CIT/install/snake_robot_cit_description/share/snake_robot_cit_description/launch
[0.520s] -- Up-to-date: /mnt/c/TEMP/CIT/install/snake_robot_cit_description/share/snake_robot_cit_description/launch/robot_description.launch.py
[0.542s] -- Up-to-date: /mnt/c/TEMP/CIT/install/snake_robot_cit_description/share/ament_index/resource_index/package_run_dependencies/snake_robot_cit_description
[0.564s] -- Up-to-date: /mnt/c/TEMP/CIT/install/snake_robot_cit_description/share/ament_index/resource_index/parent_prefix_path/snake_robot_cit_description
[0.575s] -- Up-to-date: /mnt/c/TEMP/CIT/install/snake_robot_cit_description/share/snake_robot_cit_description/environment/ament_prefix_path.sh
[0.589s] -- Up-to-date: /mnt/c/TEMP/CIT/install/snake_robot_cit_description/share/snake_robot_cit_description/environment/ament_prefix_path.dsv
[0.599s] -- Up-to-date: /mnt/c/TEMP/CIT/install/snake_robot_cit_description/share/snake_robot_cit_description/environment/path.sh
[0.614s] -- Up-to-date: /mnt/c/TEMP/CIT/install/snake_robot_cit_description/share/snake_robot_cit_description/environment/path.dsv
[0.627s] -- Up-to-date: /mnt/c/TEMP/CIT/install/snake_robot_cit_description/share/snake_robot_cit_description/local_setup.bash
[0.639s] -- Up-to-date: /mnt/c/TEMP/CIT/install/snake_robot_cit_description/share/snake_robot_cit_description/local_setup.sh
[0.651s] -- Up-to-date: /mnt/c/TEMP/CIT/install/snake_robot_cit_description/share/snake_robot_cit_description/local_setup.zsh
[0.664s] -- Up-to-date: /mnt/c/TEMP/CIT/install/snake_robot_cit_description/share/snake_robot_cit_description/local_setup.dsv
[0.676s] -- Installing: /mnt/c/TEMP/CIT/install/snake_robot_cit_description/share/snake_robot_cit_description/package.dsv
[0.729s] -- Up-to-date: /mnt/c/TEMP/CIT/install/snake_robot_cit_description/share/ament_index/resource_index/packages/snake_robot_cit_description
[0.744s] -- Up-to-date: /mnt/c/TEMP/CIT/install/snake_robot_cit_description/share/snake_robot_cit_description/cmake/snake_robot_cit_descriptionConfig.cmake
[0.755s] -- Up-to-date: /mnt/c/TEMP/CIT/install/snake_robot_cit_description/share/snake_robot_cit_description/cmake/snake_robot_cit_descriptionConfig-version.cmake
[0.769s] -- Up-to-date: /mnt/c/TEMP/CIT/install/snake_robot_cit_description/share/snake_robot_cit_description/package.xml
[0.776s] Invoked command in '/mnt/c/TEMP/CIT/build/snake_robot_cit_description' returned '0': /usr/bin/cmake --install /mnt/c/TEMP/CIT/build/snake_robot_cit_description
