[0.133s] DEBUG:colcon:Command line arguments: ['/usr/bin/colcon', 'build']
[0.133s] DEBUG:colcon:Parsed command line arguments: Namespace(log_base=None, log_level=None, verb_name='build', build_base='build', install_base='install', merge_install=False, symlink_install=False, test_result_base=None, continue_on_error=False, executor='parallel', parallel_workers=32, event_handlers=None, ignore_user_meta=False, metas=['./colcon.meta'], base_paths=['.'], packages_ignore=None, packages_ignore_regex=None, paths=None, packages_up_to=None, packages_up_to_regex=None, packages_above=None, packages_above_and_dependencies=None, packages_above_depth=None, packages_select_by_dep=None, packages_skip_by_dep=None, packages_skip_up_to=None, packages_select_build_failed=False, packages_skip_build_finished=False, packages_select_test_failures=False, packages_skip_test_passed=False, packages_select=None, packages_skip=None, packages_select_regex=None, packages_skip_regex=None, packages_start=None, packages_end=None, allow_overriding=[], cmake_args=None, cmake_target=None, cmake_target_skip_unavailable=False, cmake_clean_cache=False, cmake_clean_first=False, cmake_force_configure=False, ament_cmake_args=None, catkin_cmake_args=None, catkin_skip_building_tests=False, verb_parser=<colcon_defaults.argument_parser.defaults.DefaultArgumentsDecorator object at 0x7f81c25c1f00>, verb_extension=<colcon_core.verb.build.BuildVerb object at 0x7f81c2535cc0>, main=<bound method BuildVerb.main of <colcon_core.verb.build.BuildVerb object at 0x7f81c2535cc0>>)
[0.316s] Level 1:colcon.colcon_core.package_discovery:discover_packages(colcon_meta) check parameters
[0.316s] Level 1:colcon.colcon_core.package_discovery:discover_packages(recursive) check parameters
[0.316s] Level 1:colcon.colcon_core.package_discovery:discover_packages(ignore) check parameters
[0.316s] Level 1:colcon.colcon_core.package_discovery:discover_packages(path) check parameters
[0.316s] Level 1:colcon.colcon_core.package_discovery:discover_packages(colcon_meta) discover
[0.317s] Level 1:colcon.colcon_core.package_discovery:discover_packages(recursive) discover
[0.317s] INFO:colcon.colcon_core.package_discovery:Crawling recursively for packages in '/mnt/c/TEMP/CIT'
[0.318s] Level 1:colcon.colcon_core.package_identification:_identify(.) by extensions ['ignore', 'ignore_ament_install']
[0.318s] Level 1:colcon.colcon_core.package_identification:_identify(.) by extension 'ignore'
[0.318s] Level 1:colcon.colcon_core.package_identification:_identify(.) by extension 'ignore_ament_install'
[0.319s] Level 1:colcon.colcon_core.package_identification:_identify(.) by extensions ['colcon_pkg']
[0.319s] Level 1:colcon.colcon_core.package_identification:_identify(.) by extension 'colcon_pkg'
[0.319s] Level 1:colcon.colcon_core.package_identification:_identify(.) by extensions ['colcon_meta']
[0.319s] Level 1:colcon.colcon_core.package_identification:_identify(.) by extension 'colcon_meta'
[0.319s] Level 1:colcon.colcon_core.package_identification:_identify(.) by extensions ['ros']
[0.319s] Level 1:colcon.colcon_core.package_identification:_identify(.) by extension 'ros'
[0.327s] Level 1:colcon.colcon_core.package_identification:_identify(.) by extensions ['cmake', 'python']
[0.327s] Level 1:colcon.colcon_core.package_identification:_identify(.) by extension 'cmake'
[0.327s] Level 1:colcon.colcon_core.package_identification:_identify(.) by extension 'python'
[0.327s] Level 1:colcon.colcon_core.package_identification:_identify(.) by extensions ['python_setup_py']
[0.328s] Level 1:colcon.colcon_core.package_identification:_identify(.) by extension 'python_setup_py'
[0.329s] Level 1:colcon.colcon_core.package_identification:_identify(build) by extensions ['ignore', 'ignore_ament_install']
[0.329s] Level 1:colcon.colcon_core.package_identification:_identify(build) by extension 'ignore'
[0.330s] Level 1:colcon.colcon_core.package_identification:_identify(build) ignored
[0.332s] Level 1:colcon.colcon_core.package_identification:_identify(install) by extensions ['ignore', 'ignore_ament_install']
[0.332s] Level 1:colcon.colcon_core.package_identification:_identify(install) by extension 'ignore'
[0.333s] Level 1:colcon.colcon_core.package_identification:_identify(install) ignored
[0.335s] Level 1:colcon.colcon_core.package_identification:_identify(log) by extensions ['ignore', 'ignore_ament_install']
[0.335s] Level 1:colcon.colcon_core.package_identification:_identify(log) by extension 'ignore'
[0.336s] Level 1:colcon.colcon_core.package_identification:_identify(log) ignored
[0.337s] Level 1:colcon.colcon_core.package_identification:_identify(snake_robot_cit_description) by extensions ['ignore', 'ignore_ament_install']
[0.338s] Level 1:colcon.colcon_core.package_identification:_identify(snake_robot_cit_description) by extension 'ignore'
[0.338s] Level 1:colcon.colcon_core.package_identification:_identify(snake_robot_cit_description) by extension 'ignore_ament_install'
[0.339s] Level 1:colcon.colcon_core.package_identification:_identify(snake_robot_cit_description) by extensions ['colcon_pkg']
[0.339s] Level 1:colcon.colcon_core.package_identification:_identify(snake_robot_cit_description) by extension 'colcon_pkg'
[0.339s] Level 1:colcon.colcon_core.package_identification:_identify(snake_robot_cit_description) by extensions ['colcon_meta']
[0.340s] Level 1:colcon.colcon_core.package_identification:_identify(snake_robot_cit_description) by extension 'colcon_meta'
[0.340s] Level 1:colcon.colcon_core.package_identification:_identify(snake_robot_cit_description) by extensions ['ros']
[0.340s] Level 1:colcon.colcon_core.package_identification:_identify(snake_robot_cit_description) by extension 'ros'
[0.347s] DEBUG:colcon.colcon_core.package_identification:Package 'snake_robot_cit_description' with type 'ros.ament_cmake' and name 'snake_robot_cit_description'
[0.347s] Level 1:colcon.colcon_core.package_discovery:discover_packages(recursive) using defaults
[0.347s] Level 1:colcon.colcon_core.package_discovery:discover_packages(ignore) discover
[0.348s] Level 1:colcon.colcon_core.package_discovery:discover_packages(ignore) using defaults
[0.348s] Level 1:colcon.colcon_core.package_discovery:discover_packages(path) discover
[0.348s] Level 1:colcon.colcon_core.package_discovery:discover_packages(path) using defaults
[0.360s] Level 1:colcon.colcon_core.package_discovery:discover_packages(prefix_path) check parameters
[0.360s] Level 1:colcon.colcon_core.package_discovery:discover_packages(prefix_path) discover
[0.394s] DEBUG:colcon.colcon_installed_package_information.package_discovery:Found 1 installed packages in /mnt/c/TEMP/CIT/install
[0.415s] DEBUG:colcon.colcon_installed_package_information.package_discovery:Found 2 installed packages in /mnt/c/Users/blues/OneDrive/MechanicalDesign/snakerobot/install
[0.418s] DEBUG:colcon.colcon_installed_package_information.package_discovery:Found 1171 installed packages in /opt/ros/iron
[0.422s] Level 1:colcon.colcon_core.package_discovery:discover_packages(prefix_path) using defaults
[0.513s] Level 5:colcon.colcon_core.verb:set package 'snake_robot_cit_description' build argument 'cmake_args' from command line to 'None'
[0.514s] Level 5:colcon.colcon_core.verb:set package 'snake_robot_cit_description' build argument 'cmake_target' from command line to 'None'
[0.514s] Level 5:colcon.colcon_core.verb:set package 'snake_robot_cit_description' build argument 'cmake_target_skip_unavailable' from command line to 'False'
[0.514s] Level 5:colcon.colcon_core.verb:set package 'snake_robot_cit_description' build argument 'cmake_clean_cache' from command line to 'False'
[0.514s] Level 5:colcon.colcon_core.verb:set package 'snake_robot_cit_description' build argument 'cmake_clean_first' from command line to 'False'
[0.514s] Level 5:colcon.colcon_core.verb:set package 'snake_robot_cit_description' build argument 'cmake_force_configure' from command line to 'False'
[0.514s] Level 5:colcon.colcon_core.verb:set package 'snake_robot_cit_description' build argument 'ament_cmake_args' from command line to 'None'
[0.514s] Level 5:colcon.colcon_core.verb:set package 'snake_robot_cit_description' build argument 'catkin_cmake_args' from command line to 'None'
[0.515s] Level 5:colcon.colcon_core.verb:set package 'snake_robot_cit_description' build argument 'catkin_skip_building_tests' from command line to 'False'
[0.515s] DEBUG:colcon.colcon_core.verb:Building package 'snake_robot_cit_description' with the following arguments: {'ament_cmake_args': None, 'build_base': '/mnt/c/TEMP/CIT/build/snake_robot_cit_description', 'catkin_cmake_args': None, 'catkin_skip_building_tests': False, 'cmake_args': None, 'cmake_clean_cache': False, 'cmake_clean_first': False, 'cmake_force_configure': False, 'cmake_target': None, 'cmake_target_skip_unavailable': False, 'install_base': '/mnt/c/TEMP/CIT/install/snake_robot_cit_description', 'merge_install': False, 'path': '/mnt/c/TEMP/CIT/snake_robot_cit_description', 'symlink_install': False, 'test_result_base': None}
[0.515s] INFO:colcon.colcon_core.executor:Executing jobs using 'parallel' executor
[0.516s] DEBUG:colcon.colcon_parallel_executor.executor.parallel:run_until_complete
[0.516s] INFO:colcon.colcon_ros.task.ament_cmake.build:Building ROS package in '/mnt/c/TEMP/CIT/snake_robot_cit_description' with build type 'ament_cmake'
[0.516s] INFO:colcon.colcon_cmake.task.cmake.build:Building CMake package in '/mnt/c/TEMP/CIT/snake_robot_cit_description'
[0.518s] INFO:colcon.colcon_core.plugin_system:Skipping extension 'colcon_core.shell.bat': Not used on non-Windows systems
[0.518s] INFO:colcon.colcon_core.shell:Skip shell extension 'powershell' for command environment: Not usable outside of PowerShell
[0.519s] DEBUG:colcon.colcon_core.shell:Skip shell extension 'dsv' for command environment
[0.614s] DEBUG:colcon.colcon_core.event_handler.log_command:Invoking command in '/mnt/c/TEMP/CIT/build/snake_robot_cit_description': CMAKE_PREFIX_PATH=${CMAKE_PREFIX_PATH}:/opt/ros/iron /usr/bin/cmake --build /mnt/c/TEMP/CIT/build/snake_robot_cit_description -- -j32 -l32
[1.338s] DEBUG:colcon.colcon_core.event_handler.log_command:Invoked command in '/mnt/c/TEMP/CIT/build/snake_robot_cit_description' returned '0': CMAKE_PREFIX_PATH=${CMAKE_PREFIX_PATH}:/opt/ros/iron /usr/bin/cmake --build /mnt/c/TEMP/CIT/build/snake_robot_cit_description -- -j32 -l32
[1.364s] DEBUG:colcon.colcon_core.event_handler.log_command:Invoking command in '/mnt/c/TEMP/CIT/build/snake_robot_cit_description': CMAKE_PREFIX_PATH=${CMAKE_PREFIX_PATH}:/opt/ros/iron /usr/bin/cmake --install /mnt/c/TEMP/CIT/build/snake_robot_cit_description
[2.688s] Level 1:colcon.colcon_core.environment:create_environment_scripts_only(snake_robot_cit_description)
[2.689s] DEBUG:colcon.colcon_core.event_handler.log_command:Invoked command in '/mnt/c/TEMP/CIT/build/snake_robot_cit_description' returned '0': CMAKE_PREFIX_PATH=${CMAKE_PREFIX_PATH}:/opt/ros/iron /usr/bin/cmake --install /mnt/c/TEMP/CIT/build/snake_robot_cit_description
[2.690s] Level 1:colcon.colcon_core.environment:checking '/mnt/c/TEMP/CIT/install/snake_robot_cit_description' for CMake module files
[2.743s] Level 1:colcon.colcon_core.environment:checking '/mnt/c/TEMP/CIT/install/snake_robot_cit_description' for CMake config files
[2.778s] Level 1:colcon.colcon_core.shell:create_environment_hook('snake_robot_cit_description', 'cmake_prefix_path')
[2.778s] INFO:colcon.colcon_core.shell:Creating environment hook '/mnt/c/TEMP/CIT/install/snake_robot_cit_description/share/snake_robot_cit_description/hook/cmake_prefix_path.ps1'
[2.787s] INFO:colcon.colcon_core.shell:Creating environment descriptor '/mnt/c/TEMP/CIT/install/snake_robot_cit_description/share/snake_robot_cit_description/hook/cmake_prefix_path.dsv'
[2.797s] INFO:colcon.colcon_core.shell:Creating environment hook '/mnt/c/TEMP/CIT/install/snake_robot_cit_description/share/snake_robot_cit_description/hook/cmake_prefix_path.sh'
[2.809s] Level 1:colcon.colcon_core.environment:checking '/mnt/c/TEMP/CIT/install/snake_robot_cit_description/bin'
[2.809s] Level 1:colcon.colcon_core.environment:checking '/mnt/c/TEMP/CIT/install/snake_robot_cit_description/lib/pkgconfig/snake_robot_cit_description.pc'
[2.810s] Level 1:colcon.colcon_core.environment:checking '/mnt/c/TEMP/CIT/install/snake_robot_cit_description/lib/python3.10/site-packages'
[2.811s] Level 1:colcon.colcon_core.environment:checking '/mnt/c/TEMP/CIT/install/snake_robot_cit_description/bin'
[2.812s] INFO:colcon.colcon_core.shell:Creating package script '/mnt/c/TEMP/CIT/install/snake_robot_cit_description/share/snake_robot_cit_description/package.ps1'
[2.820s] INFO:colcon.colcon_core.shell:Creating package descriptor '/mnt/c/TEMP/CIT/install/snake_robot_cit_description/share/snake_robot_cit_description/package.dsv'
[2.828s] INFO:colcon.colcon_core.shell:Creating package script '/mnt/c/TEMP/CIT/install/snake_robot_cit_description/share/snake_robot_cit_description/package.sh'
[2.835s] INFO:colcon.colcon_core.shell:Creating package script '/mnt/c/TEMP/CIT/install/snake_robot_cit_description/share/snake_robot_cit_description/package.bash'
[2.843s] INFO:colcon.colcon_core.shell:Creating package script '/mnt/c/TEMP/CIT/install/snake_robot_cit_description/share/snake_robot_cit_description/package.zsh'
[2.850s] Level 1:colcon.colcon_core.environment:create_file_with_runtime_dependencies(/mnt/c/TEMP/CIT/install/snake_robot_cit_description/share/colcon-core/packages/snake_robot_cit_description)
[2.878s] Level 1:colcon.colcon_core.environment:create_environment_scripts_only(snake_robot_cit_description)
[2.879s] Level 1:colcon.colcon_core.environment:checking '/mnt/c/TEMP/CIT/install/snake_robot_cit_description' for CMake module files
[2.931s] Level 1:colcon.colcon_core.environment:checking '/mnt/c/TEMP/CIT/install/snake_robot_cit_description' for CMake config files
[2.966s] Level 1:colcon.colcon_core.shell:create_environment_hook('snake_robot_cit_description', 'cmake_prefix_path')
[2.967s] INFO:colcon.colcon_core.shell:Creating environment hook '/mnt/c/TEMP/CIT/install/snake_robot_cit_description/share/snake_robot_cit_description/hook/cmake_prefix_path.ps1'
[2.976s] INFO:colcon.colcon_core.shell:Creating environment descriptor '/mnt/c/TEMP/CIT/install/snake_robot_cit_description/share/snake_robot_cit_description/hook/cmake_prefix_path.dsv'
[2.984s] INFO:colcon.colcon_core.shell:Creating environment hook '/mnt/c/TEMP/CIT/install/snake_robot_cit_description/share/snake_robot_cit_description/hook/cmake_prefix_path.sh'
[2.995s] Level 1:colcon.colcon_core.environment:checking '/mnt/c/TEMP/CIT/install/snake_robot_cit_description/bin'
[2.996s] Level 1:colcon.colcon_core.environment:checking '/mnt/c/TEMP/CIT/install/snake_robot_cit_description/lib/pkgconfig/snake_robot_cit_description.pc'
[2.996s] Level 1:colcon.colcon_core.environment:checking '/mnt/c/TEMP/CIT/install/snake_robot_cit_description/lib/python3.10/site-packages'
[2.997s] Level 1:colcon.colcon_core.environment:checking '/mnt/c/TEMP/CIT/install/snake_robot_cit_description/bin'
[2.998s] INFO:colcon.colcon_core.shell:Creating package script '/mnt/c/TEMP/CIT/install/snake_robot_cit_description/share/snake_robot_cit_description/package.ps1'
[3.005s] INFO:colcon.colcon_core.shell:Creating package descriptor '/mnt/c/TEMP/CIT/install/snake_robot_cit_description/share/snake_robot_cit_description/package.dsv'
[3.012s] INFO:colcon.colcon_core.shell:Creating package script '/mnt/c/TEMP/CIT/install/snake_robot_cit_description/share/snake_robot_cit_description/package.sh'
[3.020s] INFO:colcon.colcon_core.shell:Creating package script '/mnt/c/TEMP/CIT/install/snake_robot_cit_description/share/snake_robot_cit_description/package.bash'
[3.027s] INFO:colcon.colcon_core.shell:Creating package script '/mnt/c/TEMP/CIT/install/snake_robot_cit_description/share/snake_robot_cit_description/package.zsh'
[3.034s] Level 1:colcon.colcon_core.environment:create_file_with_runtime_dependencies(/mnt/c/TEMP/CIT/install/snake_robot_cit_description/share/colcon-core/packages/snake_robot_cit_description)
[3.040s] DEBUG:colcon.colcon_parallel_executor.executor.parallel:closing loop
[3.040s] DEBUG:colcon.colcon_parallel_executor.executor.parallel:loop closed
[3.040s] DEBUG:colcon.colcon_parallel_executor.executor.parallel:run_until_complete finished with '0'
[3.040s] DEBUG:colcon.colcon_core.event_reactor:joining thread
[3.070s] INFO:colcon.colcon_core.plugin_system:Skipping extension 'colcon_notification.desktop_notification.notify_send': Could not find 'notify-send'
[3.071s] INFO:colcon.colcon_core.plugin_system:Skipping extension 'colcon_notification.desktop_notification.terminal_notifier': Not used on non-Darwin systems
[3.071s] INFO:colcon.colcon_core.plugin_system:Skipping extension 'colcon_notification.desktop_notification.win32': Not used on non-Windows systems
[3.071s] INFO:colcon.colcon_notification.desktop_notification:Sending desktop notification using 'notify2'
[3.071s] DEBUG:colcon.colcon_notification.desktop_notification.notify2:Failed to initialize notify2: org.freedesktop.DBus.Error.FileNotFound: Failed to connect to socket /run/user/1000/bus: No such file or directory
[3.071s] DEBUG:colcon.colcon_core.event_reactor:joined thread
[3.072s] INFO:colcon.colcon_core.shell:Creating prefix script '/mnt/c/TEMP/CIT/install/local_setup.ps1'
[3.075s] INFO:colcon.colcon_core.shell:Creating prefix util module '/mnt/c/TEMP/CIT/install/_local_setup_util_ps1.py'
[3.079s] INFO:colcon.colcon_core.shell:Creating prefix chain script '/mnt/c/TEMP/CIT/install/setup.ps1'
[3.101s] INFO:colcon.colcon_core.shell:Creating prefix script '/mnt/c/TEMP/CIT/install/local_setup.sh'
[3.104s] INFO:colcon.colcon_core.shell:Creating prefix util module '/mnt/c/TEMP/CIT/install/_local_setup_util_sh.py'
[3.107s] INFO:colcon.colcon_core.shell:Creating prefix chain script '/mnt/c/TEMP/CIT/install/setup.sh'
[3.128s] INFO:colcon.colcon_core.shell:Creating prefix script '/mnt/c/TEMP/CIT/install/local_setup.bash'
[3.131s] INFO:colcon.colcon_core.shell:Creating prefix chain script '/mnt/c/TEMP/CIT/install/setup.bash'
[3.152s] INFO:colcon.colcon_core.shell:Creating prefix script '/mnt/c/TEMP/CIT/install/local_setup.zsh'
[3.155s] INFO:colcon.colcon_core.shell:Creating prefix chain script '/mnt/c/TEMP/CIT/install/setup.zsh'
